02-11-2020 00:45:48.257 [Gauge] [DEBUG] Created gauge_screenshots_dir at /Users/jingcai/Documents/IdeaProject/securityTrainning/marcia_dynamic_security_test/.gauge/screenshots
02-11-2020 00:45:48.265 [Gauge] [DEBUG] Plugin python is already installed.
02-11-2020 00:45:48.272 [Gauge] [DEBUG] Plugin html-report is already installed.
02-11-2020 00:45:48.273 [Gauge] [DEBUG] Parsing started.
02-11-2020 00:45:48.273 [Gauge] [DEBUG] Started concepts parsing.
02-11-2020 00:45:48.273 [Gauge] [DEBUG] 0 concepts parsing completed.
02-11-2020 00:45:48.274 [Gauge] [DEBUG] Started specifications parsing.
02-11-2020 00:45:48.275 [Gauge] [DEBUG] 2 specifications parsing completed.
02-11-2020 00:45:48.275 [Gauge] [DEBUG] Parsing completed.
02-11-2020 00:45:49.209 [python] [INFO] Python: 3.8.2
02-11-2020 00:45:49.209 [python] [DEBUG] Loading step implementations from /Users/jingcai/Documents/IdeaProject/securityTrainning/marcia_dynamic_security_test/step_impl dirs.
02-11-2020 00:45:49.224 [python] [DEBUG] Starting grpc server..
02-11-2020 00:45:49.240 [Gauge] [DEBUG] Attempting to connect to grpc server at port: 55046
02-11-2020 00:45:49.241 [Gauge] [DEBUG] Successfully made the connection with runner with port: 55046
02-11-2020 00:45:49.242 [Gauge] [DEBUG] Validation started.
02-11-2020 00:45:49.246 [Gauge] [DEBUG] Validation completed.
02-11-2020 00:45:49.247 [Gauge] [DEBUG] Run started
02-11-2020 00:45:49.248 [Gauge] [DEBUG] Starting Html Report plugin
02-11-2020 00:45:49.288 [Gauge] [DEBUG] Attempting to connect to grpc server at port: 55051
02-11-2020 00:45:49.289 [Gauge] [DEBUG] Successfully made the connection with plugin with port: 55051
02-11-2020 00:45:49.289 [Gauge] [DEBUG] Initialising suite data store.
02-11-2020 00:45:49.300 [python] [INFO] ['a', 'b', 'c']
02-11-2020 00:45:49.313 [Gauge] [DEBUG] Checking updates...
02-11-2020 00:45:49.314 [Gauge] [DEBUG] Downloading https://downloads.gauge.org/plugin/html-report?l=python&p=html-report,python,screenshot&o=darwin&a=amd64
02-11-2020 00:45:49.366 [python] [INFO] hello
02-11-2020 00:45:49.367 [Gauge] [INFO] # Specification Heading
02-11-2020 00:45:49.369 [Gauge] [INFO] ## Vowel counts in single word
02-11-2020 00:45:49.370 [Gauge] [DEBUG] * Vowels in English language are "aeiou".

02-11-2020 00:45:49.372 [Gauge] [DEBUG] * The word "gauge" has "3" vowels.

02-11-2020 00:45:49.374 [Gauge] [INFO] ## Vowel counts in multiple word
02-11-2020 00:45:49.376 [Gauge] [DEBUG] * Vowels in English language are "aeiou".

02-11-2020 00:45:49.378 [Gauge] [DEBUG] * Almost all words have vowels 

   |Word  |Vowel Count|
   |------|-----------|
   |Gauge |3          |
   |Mingle|2          |
   |Snap  |1          |
   |GoCD  |1          |
   |Rhythm|0          |
02-11-2020 00:45:49.381 [Gauge] [INFO] # Use ZAP to perform DAST
02-11-2020 00:45:49.382 [Gauge] [INFO] ## Setup ZAP
02-11-2020 00:45:49.383 [Gauge] [DEBUG] * Start ZAP

02-11-2020 00:45:49.577 [Gauge] [ERROR] Failed Step: Start ZAP
02-11-2020 00:45:49.577 [Gauge] [ERROR] Error Message: [Errno 2] No such file or directory: '/Applications/OWASP-ZAP.app/Contents/Java/zap.sh'
02-11-2020 00:45:49.577 [Gauge] [ERROR] Specification: specs/juiceshop.spec:4
02-11-2020 00:45:49.577 [Gauge] [ERROR] Stacktrace: 
Traceback (most recent call last):
  File "/Users/jingcai/Library/Python/3.8/lib/python/site-packages/getgauge/executor.py", line 33, in execute_method
    step.impl(*params)
  File "/Users/jingcai/Documents/IdeaProject/securityTrainning/marcia_dynamic_security_test/step_impl/juiceshop_impl.py", line 18, in start_zap
    subprocess.Popen(cmd.split(" "),stdout=open(os.devnull, "w"))
  File "/Library/Frameworks/Python.framework/Versions/3.8/lib/python3.8/subprocess.py", line 854, in __init__
    self._execute_child(args, executable, preexec_fn, close_fds,
  File "/Library/Frameworks/Python.framework/Versions/3.8/lib/python3.8/subprocess.py", line 1702, in _execute_child
    raise child_exception_type(errno_num, err_msg, err_filename)
FileNotFoundError: [Errno 2] No such file or directory: '/Applications/OWASP-ZAP.app/Contents/Java/zap.sh'
02-11-2020 00:45:49.578 [Gauge] [INFO] ## Login to the application
02-11-2020 00:45:49.579 [Gauge] [DEBUG] * Visit login page
02-11-2020 00:45:49.828 [Gauge] [ERROR] Failed Step: Visit login page
02-11-2020 00:45:49.828 [Gauge] [ERROR] Error Message: Failed to parse: https://127.0.0.1:{0}.format(port)
02-11-2020 00:45:49.828 [Gauge] [ERROR] Specification: specs/juiceshop.spec:8
02-11-2020 00:45:49.828 [Gauge] [ERROR] Stacktrace: 
Traceback (most recent call last):
  File "/Library/Frameworks/Python.framework/Versions/3.8/lib/python3.8/site-packages/requests/adapters.py", line 412, in send
    conn = self.get_connection(request.url, proxies)
  File "/Library/Frameworks/Python.framework/Versions/3.8/lib/python3.8/site-packages/requests/adapters.py", line 305, in get_connection
    proxy_url = parse_url(proxy)
  File "/Library/Frameworks/Python.framework/Versions/3.8/lib/python3.8/site-packages/urllib3/util/url.py", line 392, in parse_url
    return six.raise_from(LocationParseError(source_url), None)
  File "<string>", line 3, in raise_from
urllib3.exceptions.LocationParseError: Failed to parse: https://127.0.0.1:{0}.format(port)

During handling of the above exception, another exception occurred:

Traceback (most recent call last):
  File "/Users/jingcai/Library/Python/3.8/lib/python/site-packages/getgauge/executor.py", line 33, in execute_method
    step.impl(*params)
  File "/Users/jingcai/Documents/IdeaProject/securityTrainning/marcia_dynamic_security_test/step_impl/juiceshop_impl.py", line 41, in visit_login
    requests.get(login_url, proxies = zap_proxies, verify = False)
  File "/Library/Frameworks/Python.framework/Versions/3.8/lib/python3.8/site-packages/requests/api.py", line 76, in get
    return request('get', url, params=params, **kwargs)
  File "/Library/Frameworks/Python.framework/Versions/3.8/lib/python3.8/site-packages/requests/api.py", line 61, in request
    return session.request(method=method, url=url, **kwargs)
  File "/Library/Frameworks/Python.framework/Versions/3.8/lib/python3.8/site-packages/requests/sessions.py", line 530, in request
    resp = self.send(prep, **send_kwargs)
  File "/Library/Frameworks/Python.framework/Versions/3.8/lib/python3.8/site-packages/requests/sessions.py", line 643, in send
    r = adapter.send(request, **kwargs)
  File "/Library/Frameworks/Python.framework/Versions/3.8/lib/python3.8/site-packages/requests/adapters.py", line 414, in send
    raise InvalidURL(e, request=request)
requests.exceptions.InvalidURL: Failed to parse: https://127.0.0.1:{0}.format(port)
02-11-2020 00:45:49.828 [Gauge] [INFO] ## Kick off the active scan
02-11-2020 00:45:49.830 [Gauge] [DEBUG] * Perform spider from "https://marcia-dynamic-security-auto.herokuapp.com/login#/"
02-11-2020 00:45:50.044 [Gauge] [ERROR] Failed Step: Perform spider from "https://marcia-dynamic-security-auto.herokuapp.com/login#/"
02-11-2020 00:45:50.044 [Gauge] [ERROR] Error Message: HTTPConnectionPool(host='127.0.0.1', port=9090): Max retries exceeded with url: http://zap/JSON/spider/action/scan/?apikey=&url=https%!A(MISSING)%!F(MISSING)%!F(MISSING)marcia-dynamic-security-auto.herokuapp.com%!F(MISSING)login%2F&recurse=False&subtreeOnly=True (Caused by ProxyError('Cannot connect to proxy.', NewConnectionError('<urllib3.connection.HTTPConnection object at 0x105b9f850>: Failed to establish a new connection: [Errno 61] Connection refused')))
02-11-2020 00:45:50.044 [Gauge] [ERROR] Specification: specs/juiceshop.spec:13
02-11-2020 00:45:50.044 [Gauge] [ERROR] Stacktrace: 
Traceback (most recent call last):
  File "/Library/Frameworks/Python.framework/Versions/3.8/lib/python3.8/site-packages/urllib3/connection.py", line 159, in _new_conn
    conn = connection.create_connection(
  File "/Library/Frameworks/Python.framework/Versions/3.8/lib/python3.8/site-packages/urllib3/util/connection.py", line 84, in create_connection
    raise err
  File "/Library/Frameworks/Python.framework/Versions/3.8/lib/python3.8/site-packages/urllib3/util/connection.py", line 74, in create_connection
    sock.connect(sa)
ConnectionRefusedError: [Errno 61] Connection refused

During handling of the above exception, another exception occurred:

Traceback (most recent call last):
  File "/Library/Frameworks/Python.framework/Versions/3.8/lib/python3.8/site-packages/urllib3/connectionpool.py", line 670, in urlopen
    httplib_response = self._make_request(
  File "/Library/Frameworks/Python.framework/Versions/3.8/lib/python3.8/site-packages/urllib3/connectionpool.py", line 392, in _make_request
    conn.request(method, url, **httplib_request_kw)
  File "/Library/Frameworks/Python.framework/Versions/3.8/lib/python3.8/http/client.py", line 1230, in request
    self._send_request(method, url, body, headers, encode_chunked)
  File "/Library/Frameworks/Python.framework/Versions/3.8/lib/python3.8/http/client.py", line 1276, in _send_request
    self.endheaders(body, encode_chunked=encode_chunked)
  File "/Library/Frameworks/Python.framework/Versions/3.8/lib/python3.8/http/client.py", line 1225, in endheaders
    self._send_output(message_body, encode_chunked=encode_chunked)
  File "/Library/Frameworks/Python.framework/Versions/3.8/lib/python3.8/http/client.py", line 1004, in _send_output
    self.send(msg)
  File "/Library/Frameworks/Python.framework/Versions/3.8/lib/python3.8/http/client.py", line 944, in send
    self.connect()
  File "/Library/Frameworks/Python.framework/Versions/3.8/lib/python3.8/site-packages/urllib3/connection.py", line 187, in connect
    conn = self._new_conn()
  File "/Library/Frameworks/Python.framework/Versions/3.8/lib/python3.8/site-packages/urllib3/connection.py", line 171, in _new_conn
    raise NewConnectionError(
urllib3.exceptions.NewConnectionError: <urllib3.connection.HTTPConnection object at 0x105b9f850>: Failed to establish a new connection: [Errno 61] Connection refused

During handling of the above exception, another exception occurred:

Traceback (most recent call last):
  File "/Library/Frameworks/Python.framework/Versions/3.8/lib/python3.8/site-packages/requests/adapters.py", line 439, in send
    resp = conn.urlopen(
  File "/Library/Frameworks/Python.framework/Versions/3.8/lib/python3.8/site-packages/urllib3/connectionpool.py", line 726, in urlopen
    retries = retries.increment(
  File "/Library/Frameworks/Python.framework/Versions/3.8/lib/python3.8/site-packages/urllib3/util/retry.py", line 439, in increment
    raise MaxRetryError(_pool, url, error or ResponseError(cause))
urllib3.exceptions.MaxRetryError: HTTPConnectionPool(host='127.0.0.1', port=9090): Max retries exceeded with url: http://zap/JSON/spider/action/scan/?apikey=&url=https%!A(MISSING)%!F(MISSING)%!F(MISSING)marcia-dynamic-security-auto.herokuapp.com%!F(MISSING)login%2F&recurse=False&subtreeOnly=True (Caused by ProxyError('Cannot connect to proxy.', NewConnectionError('<urllib3.connection.HTTPConnection object at 0x105b9f850>: Failed to establish a new connection: [Errno 61] Connection refused')))

During handling of the above exception, another exception occurred:

Traceback (most recent call last):
  File "/Users/jingcai/Library/Python/3.8/lib/python/site-packages/getgauge/executor.py", line 33, in execute_method
    step.impl(*params)
  File "/Users/jingcai/Documents/IdeaProject/securityTrainning/marcia_dynamic_security_test/step_impl/juiceshop_impl.py", line 60, in zap_spider
    spider_id = zap.spider.scan(url,recurse = False, subtreeonly = True)
  File "/Library/Frameworks/Python.framework/Versions/3.8/lib/python3.8/site-packages/zapv2/spider.py", line 215, in scan
    return six.next(six.itervalues(self.zap._request(self.zap.base + 'spider/action/scan/', params)))
  File "/Library/Frameworks/Python.framework/Versions/3.8/lib/python3.8/site-packages/zapv2/__init__.py", line 192, in _request
    data = self._request_api(url, get)
  File "/Library/Frameworks/Python.framework/Versions/3.8/lib/python3.8/site-packages/zapv2/__init__.py", line 172, in _request_api
    response = self.session.get(url, params=query, proxies=self.__proxies, verify=False)
  File "/Library/Frameworks/Python.framework/Versions/3.8/lib/python3.8/site-packages/requests/sessions.py", line 543, in get
    return self.request('GET', url, **kwargs)
  File "/Library/Frameworks/Python.framework/Versions/3.8/lib/python3.8/site-packages/requests/sessions.py", line 530, in request
    resp = self.send(prep, **send_kwargs)
  File "/Library/Frameworks/Python.framework/Versions/3.8/lib/python3.8/site-packages/requests/sessions.py", line 643, in send
    r = adapter.send(request, **kwargs)
  File "/Library/Frameworks/Python.framework/Versions/3.8/lib/python3.8/site-packages/requests/adapters.py", line 510, in send
    raise ProxyError(e, request=request)
requests.exceptions.ProxyError: HTTPConnectionPool(host='127.0.0.1', port=9090): Max retries exceeded with url: http://zap/JSON/spider/action/scan/?apikey=&url=https%!A(MISSING)%!F(MISSING)%!F(MISSING)marcia-dynamic-security-auto.herokuapp.com%!F(MISSING)login%2F&recurse=False&subtreeOnly=True (Caused by ProxyError('Cannot connect to proxy.', NewConnectionError('<urllib3.connection.HTTPConnection object at 0x105b9f850>: Failed to establish a new connection: [Errno 61] Connection refused')))
02-11-2020 00:45:50.046 [Gauge] [INFO] ## Shutdown ZAP
02-11-2020 00:45:50.048 [Gauge] [DEBUG] * Shutdown ZAP

02-11-2020 00:45:50.148 [Gauge] [DEBUG] Downloading https://downloads.gauge.org/plugin/python?l=python&p=html-report,python,screenshot&o=darwin&a=amd64
02-11-2020 00:45:50.204 [Gauge] [ERROR] Failed Step: Shutdown ZAP
02-11-2020 00:45:50.204 [Gauge] [ERROR] Error Message: HTTPConnectionPool(host='127.0.0.1', port=9090): Max retries exceeded with url: http://zap/JSON/core/action/shutdown/?apikey= (Caused by ProxyError('Cannot connect to proxy.', NewConnectionError('<urllib3.connection.HTTPConnection object at 0x105c03640>: Failed to establish a new connection: [Errno 61] Connection refused')))
02-11-2020 00:45:50.204 [Gauge] [ERROR] Specification: specs/juiceshop.spec:22
02-11-2020 00:45:50.204 [Gauge] [ERROR] Stacktrace: 
Traceback (most recent call last):
  File "/Library/Frameworks/Python.framework/Versions/3.8/lib/python3.8/site-packages/urllib3/connection.py", line 159, in _new_conn
    conn = connection.create_connection(
  File "/Library/Frameworks/Python.framework/Versions/3.8/lib/python3.8/site-packages/urllib3/util/connection.py", line 84, in create_connection
    raise err
  File "/Library/Frameworks/Python.framework/Versions/3.8/lib/python3.8/site-packages/urllib3/util/connection.py", line 74, in create_connection
    sock.connect(sa)
ConnectionRefusedError: [Errno 61] Connection refused

During handling of the above exception, another exception occurred:

Traceback (most recent call last):
  File "/Library/Frameworks/Python.framework/Versions/3.8/lib/python3.8/site-packages/urllib3/connectionpool.py", line 670, in urlopen
    httplib_response = self._make_request(
  File "/Library/Frameworks/Python.framework/Versions/3.8/lib/python3.8/site-packages/urllib3/connectionpool.py", line 392, in _make_request
    conn.request(method, url, **httplib_request_kw)
  File "/Library/Frameworks/Python.framework/Versions/3.8/lib/python3.8/http/client.py", line 1230, in request
    self._send_request(method, url, body, headers, encode_chunked)
  File "/Library/Frameworks/Python.framework/Versions/3.8/lib/python3.8/http/client.py", line 1276, in _send_request
    self.endheaders(body, encode_chunked=encode_chunked)
  File "/Library/Frameworks/Python.framework/Versions/3.8/lib/python3.8/http/client.py", line 1225, in endheaders
    self._send_output(message_body, encode_chunked=encode_chunked)
  File "/Library/Frameworks/Python.framework/Versions/3.8/lib/python3.8/http/client.py", line 1004, in _send_output
    self.send(msg)
  File "/Library/Frameworks/Python.framework/Versions/3.8/lib/python3.8/http/client.py", line 944, in send
    self.connect()
  File "/Library/Frameworks/Python.framework/Versions/3.8/lib/python3.8/site-packages/urllib3/connection.py", line 187, in connect
    conn = self._new_conn()
  File "/Library/Frameworks/Python.framework/Versions/3.8/lib/python3.8/site-packages/urllib3/connection.py", line 171, in _new_conn
    raise NewConnectionError(
urllib3.exceptions.NewConnectionError: <urllib3.connection.HTTPConnection object at 0x105c03640>: Failed to establish a new connection: [Errno 61] Connection refused

During handling of the above exception, another exception occurred:

Traceback (most recent call last):
  File "/Library/Frameworks/Python.framework/Versions/3.8/lib/python3.8/site-packages/requests/adapters.py", line 439, in send
    resp = conn.urlopen(
  File "/Library/Frameworks/Python.framework/Versions/3.8/lib/python3.8/site-packages/urllib3/connectionpool.py", line 726, in urlopen
    retries = retries.increment(
  File "/Library/Frameworks/Python.framework/Versions/3.8/lib/python3.8/site-packages/urllib3/util/retry.py", line 439, in increment
    raise MaxRetryError(_pool, url, error or ResponseError(cause))
urllib3.exceptions.MaxRetryError: HTTPConnectionPool(host='127.0.0.1', port=9090): Max retries exceeded with url: http://zap/JSON/core/action/shutdown/?apikey= (Caused by ProxyError('Cannot connect to proxy.', NewConnectionError('<urllib3.connection.HTTPConnection object at 0x105c03640>: Failed to establish a new connection: [Errno 61] Connection refused')))

During handling of the above exception, another exception occurred:

Traceback (most recent call last):
  File "/Users/jingcai/Library/Python/3.8/lib/python/site-packages/getgauge/executor.py", line 33, in execute_method
    step.impl(*params)
  File "/Users/jingcai/Documents/IdeaProject/securityTrainning/marcia_dynamic_security_test/step_impl/juiceshop_impl.py", line 105, in zap_shutdown
    zap.core.shutdown()
  File "/Library/Frameworks/Python.framework/Versions/3.8/lib/python3.8/site-packages/zapv2/core.py", line 303, in shutdown
    return six.next(six.itervalues(self.zap._request(self.zap.base + 'core/action/shutdown/', {'apikey': apikey})))
  File "/Library/Frameworks/Python.framework/Versions/3.8/lib/python3.8/site-packages/zapv2/__init__.py", line 192, in _request
    data = self._request_api(url, get)
  File "/Library/Frameworks/Python.framework/Versions/3.8/lib/python3.8/site-packages/zapv2/__init__.py", line 172, in _request_api
    response = self.session.get(url, params=query, proxies=self.__proxies, verify=False)
  File "/Library/Frameworks/Python.framework/Versions/3.8/lib/python3.8/site-packages/requests/sessions.py", line 543, in get
    return self.request('GET', url, **kwargs)
  File "/Library/Frameworks/Python.framework/Versions/3.8/lib/python3.8/site-packages/requests/sessions.py", line 530, in request
    resp = self.send(prep, **send_kwargs)
  File "/Library/Frameworks/Python.framework/Versions/3.8/lib/python3.8/site-packages/requests/sessions.py", line 643, in send
    r = adapter.send(request, **kwargs)
  File "/Library/Frameworks/Python.framework/Versions/3.8/lib/python3.8/site-packages/requests/adapters.py", line 510, in send
    raise ProxyError(e, request=request)
requests.exceptions.ProxyError: HTTPConnectionPool(host='127.0.0.1', port=9090): Max retries exceeded with url: http://zap/JSON/core/action/shutdown/?apikey= (Caused by ProxyError('Cannot connect to proxy.', NewConnectionError('<urllib3.connection.HTTPConnection object at 0x105c03640>: Failed to establish a new connection: [Errno 61] Connection refused')))
02-11-2020 00:45:50.208 [html-report] [DEBUG] Transformed SuiteResult to report structure
02-11-2020 00:45:50.244 [html-report] [INFO] Successfully generated html-report to => /Users/jingcai/Documents/IdeaProject/securityTrainning/marcia_dynamic_security_test/reports/html-report/index.html
02-11-2020 00:45:50.244 [html-report] [DEBUG] Done generating HTML report using theme from /Users/jingcai/.gauge/plugins/html-report/4.0.12/themes/default
02-11-2020 00:45:50.244 [Gauge] [DEBUG] Sending kill message to Html Report plugin.
02-11-2020 00:45:50.244 [python] [DEBUG] KillProcessrequest received
02-11-2020 00:45:50.398 [Gauge] [DEBUG] Downloading https://downloads.gauge.org/plugin/screenshot?l=python&p=html-report,python,screenshot&o=darwin&a=amd64
02-11-2020 00:45:50.754 [Gauge] [DEBUG] Runner with PID:5726 has exited
02-11-2020 00:45:50.754 [Gauge] [INFO] Specifications:	2 executed	1 passed	1 failed	0 skipped
02-11-2020 00:45:50.754 [Gauge] [INFO] Scenarios:	6 executed	2 passed	4 failed	0 skipped
02-11-2020 00:45:50.754 [Gauge] [INFO] 
Total time taken: 960ms
02-11-2020 15:06:58.306 [Gauge] [DEBUG] Created gauge_screenshots_dir at /Users/jingcai/Documents/IdeaProject/securityTrainning/marcia_dynamic_security_test/.gauge/screenshots
02-11-2020 15:06:58.320 [Gauge] [DEBUG] Plugin python is already installed.
02-11-2020 15:06:58.328 [Gauge] [DEBUG] Plugin html-report is already installed.
02-11-2020 15:06:58.329 [Gauge] [DEBUG] Parsing started.
02-11-2020 15:06:58.329 [Gauge] [DEBUG] Started concepts parsing.
02-11-2020 15:06:58.330 [Gauge] [DEBUG] 0 concepts parsing completed.
02-11-2020 15:06:58.330 [Gauge] [DEBUG] Started specifications parsing.
02-11-2020 15:06:58.338 [Gauge] [DEBUG] 2 specifications parsing completed.
02-11-2020 15:06:58.338 [Gauge] [DEBUG] Parsing completed.
02-11-2020 15:06:59.721 [python] [INFO] Python: 3.8.2
02-11-2020 15:06:59.721 [python] [DEBUG] Loading step implementations from /Users/jingcai/Documents/IdeaProject/securityTrainning/marcia_dynamic_security_test/step_impl dirs.
02-11-2020 15:06:59.737 [python] [DEBUG] Starting grpc server..
02-11-2020 15:06:59.755 [Gauge] [DEBUG] Attempting to connect to grpc server at port: 58322
02-11-2020 15:06:59.756 [Gauge] [DEBUG] Successfully made the connection with runner with port: 58322
02-11-2020 15:06:59.756 [Gauge] [DEBUG] Validation started.
02-11-2020 15:06:59.762 [Gauge] [DEBUG] Validation completed.
02-11-2020 15:06:59.762 [Gauge] [DEBUG] Run started
02-11-2020 15:06:59.763 [Gauge] [DEBUG] Starting Html Report plugin
02-11-2020 15:06:59.817 [Gauge] [DEBUG] Attempting to connect to grpc server at port: 58327
02-11-2020 15:06:59.818 [Gauge] [DEBUG] Successfully made the connection with plugin with port: 58327
02-11-2020 15:06:59.818 [Gauge] [DEBUG] Initialising suite data store.
02-11-2020 15:06:59.831 [python] [INFO] ['a', 'b', 'c']
02-11-2020 15:06:59.835 [Gauge] [DEBUG] Checking updates...
02-11-2020 15:06:59.835 [Gauge] [DEBUG] Downloading https://downloads.gauge.org/plugin/html-report?l=python&p=html-report,python,screenshot&o=darwin&a=amd64
02-11-2020 15:06:59.904 [python] [INFO] hello
02-11-2020 15:06:59.906 [Gauge] [INFO] # Specification Heading
02-11-2020 15:06:59.907 [Gauge] [INFO] ## Vowel counts in single word
02-11-2020 15:06:59.909 [Gauge] [DEBUG] * Vowels in English language are "aeiou".

02-11-2020 15:06:59.910 [Gauge] [DEBUG] * The word "gauge" has "3" vowels.

02-11-2020 15:06:59.912 [Gauge] [INFO] ## Vowel counts in multiple word
02-11-2020 15:06:59.913 [Gauge] [DEBUG] * Vowels in English language are "aeiou".

02-11-2020 15:06:59.914 [Gauge] [DEBUG] * Almost all words have vowels 

   |Word  |Vowel Count|
   |------|-----------|
   |Gauge |3          |
   |Mingle|2          |
   |Snap  |1          |
   |GoCD  |1          |
   |Rhythm|0          |
02-11-2020 15:06:59.917 [Gauge] [INFO] # Use ZAP to perform DAST
02-11-2020 15:06:59.917 [Gauge] [INFO] ## Setup ZAP
02-11-2020 15:06:59.918 [Gauge] [DEBUG] * Start ZAP

02-11-2020 15:07:00.117 [Gauge] [ERROR] Failed Step: Start ZAP
02-11-2020 15:07:00.117 [Gauge] [ERROR] Error Message: [Errno 2] No such file or directory: '/Applications/OWASP'
02-11-2020 15:07:00.117 [Gauge] [ERROR] Specification: specs/juiceshop.spec:4
02-11-2020 15:07:00.117 [Gauge] [ERROR] Stacktrace: 
Traceback (most recent call last):
  File "/Users/jingcai/Library/Python/3.8/lib/python/site-packages/getgauge/executor.py", line 33, in execute_method
    step.impl(*params)
  File "/Users/jingcai/Documents/IdeaProject/securityTrainning/marcia_dynamic_security_test/step_impl/juiceshop_impl.py", line 18, in start_zap
    subprocess.Popen(cmd.split(" "),stdout=open(os.devnull, "w"))
  File "/Library/Frameworks/Python.framework/Versions/3.8/lib/python3.8/subprocess.py", line 854, in __init__
    self._execute_child(args, executable, preexec_fn, close_fds,
  File "/Library/Frameworks/Python.framework/Versions/3.8/lib/python3.8/subprocess.py", line 1702, in _execute_child
    raise child_exception_type(errno_num, err_msg, err_filename)
FileNotFoundError: [Errno 2] No such file or directory: '/Applications/OWASP'
02-11-2020 15:07:00.117 [Gauge] [INFO] ## Login to the application
02-11-2020 15:07:00.118 [Gauge] [DEBUG] * Visit login page
02-11-2020 15:07:00.364 [Gauge] [DEBUG] Downloading https://downloads.gauge.org/plugin/python?l=python&p=html-report,python,screenshot&o=darwin&a=amd64
02-11-2020 15:07:00.469 [Gauge] [ERROR] Failed Step: Visit login page
02-11-2020 15:07:00.469 [Gauge] [ERROR] Error Message: Failed to parse: https://127.0.0.1:{0}.format(port)
02-11-2020 15:07:00.469 [Gauge] [ERROR] Specification: specs/juiceshop.spec:8
02-11-2020 15:07:00.469 [Gauge] [ERROR] Stacktrace: 
Traceback (most recent call last):
  File "/Library/Frameworks/Python.framework/Versions/3.8/lib/python3.8/site-packages/requests/adapters.py", line 412, in send
    conn = self.get_connection(request.url, proxies)
  File "/Library/Frameworks/Python.framework/Versions/3.8/lib/python3.8/site-packages/requests/adapters.py", line 305, in get_connection
    proxy_url = parse_url(proxy)
  File "/Library/Frameworks/Python.framework/Versions/3.8/lib/python3.8/site-packages/urllib3/util/url.py", line 392, in parse_url
    return six.raise_from(LocationParseError(source_url), None)
  File "<string>", line 3, in raise_from
urllib3.exceptions.LocationParseError: Failed to parse: https://127.0.0.1:{0}.format(port)

During handling of the above exception, another exception occurred:

Traceback (most recent call last):
  File "/Users/jingcai/Library/Python/3.8/lib/python/site-packages/getgauge/executor.py", line 33, in execute_method
    step.impl(*params)
  File "/Users/jingcai/Documents/IdeaProject/securityTrainning/marcia_dynamic_security_test/step_impl/juiceshop_impl.py", line 41, in visit_login
    requests.get(login_url, proxies = zap_proxies, verify = False)
  File "/Library/Frameworks/Python.framework/Versions/3.8/lib/python3.8/site-packages/requests/api.py", line 76, in get
    return request('get', url, params=params, **kwargs)
  File "/Library/Frameworks/Python.framework/Versions/3.8/lib/python3.8/site-packages/requests/api.py", line 61, in request
    return session.request(method=method, url=url, **kwargs)
  File "/Library/Frameworks/Python.framework/Versions/3.8/lib/python3.8/site-packages/requests/sessions.py", line 530, in request
    resp = self.send(prep, **send_kwargs)
  File "/Library/Frameworks/Python.framework/Versions/3.8/lib/python3.8/site-packages/requests/sessions.py", line 643, in send
    r = adapter.send(request, **kwargs)
  File "/Library/Frameworks/Python.framework/Versions/3.8/lib/python3.8/site-packages/requests/adapters.py", line 414, in send
    raise InvalidURL(e, request=request)
requests.exceptions.InvalidURL: Failed to parse: https://127.0.0.1:{0}.format(port)
02-11-2020 15:07:00.469 [Gauge] [INFO] ## Kick off the active scan
02-11-2020 15:07:00.471 [Gauge] [DEBUG] * Perform spider from "https://marcia-dynamic-security-auto.herokuapp.com/login#/"
02-11-2020 15:07:00.506 [Gauge] [DEBUG] Downloading https://downloads.gauge.org/plugin/screenshot?l=python&p=html-report,python,screenshot&o=darwin&a=amd64
02-11-2020 15:07:00.695 [Gauge] [ERROR] Failed Step: Perform spider from "https://marcia-dynamic-security-auto.herokuapp.com/login#/"
02-11-2020 15:07:00.695 [Gauge] [ERROR] Error Message: HTTPConnectionPool(host='127.0.0.1', port=9090): Max retries exceeded with url: http://zap/JSON/spider/action/scan/?apikey=&url=https%!A(MISSING)%!F(MISSING)%!F(MISSING)marcia-dynamic-security-auto.herokuapp.com%!F(MISSING)login%2F&recurse=False&subtreeOnly=True (Caused by ProxyError('Cannot connect to proxy.', NewConnectionError('<urllib3.connection.HTTPConnection object at 0x1075b5850>: Failed to establish a new connection: [Errno 61] Connection refused')))
02-11-2020 15:07:00.695 [Gauge] [ERROR] Specification: specs/juiceshop.spec:13
02-11-2020 15:07:00.695 [Gauge] [ERROR] Stacktrace: 
Traceback (most recent call last):
  File "/Library/Frameworks/Python.framework/Versions/3.8/lib/python3.8/site-packages/urllib3/connection.py", line 159, in _new_conn
    conn = connection.create_connection(
  File "/Library/Frameworks/Python.framework/Versions/3.8/lib/python3.8/site-packages/urllib3/util/connection.py", line 84, in create_connection
    raise err
  File "/Library/Frameworks/Python.framework/Versions/3.8/lib/python3.8/site-packages/urllib3/util/connection.py", line 74, in create_connection
    sock.connect(sa)
ConnectionRefusedError: [Errno 61] Connection refused

During handling of the above exception, another exception occurred:

Traceback (most recent call last):
  File "/Library/Frameworks/Python.framework/Versions/3.8/lib/python3.8/site-packages/urllib3/connectionpool.py", line 670, in urlopen
    httplib_response = self._make_request(
  File "/Library/Frameworks/Python.framework/Versions/3.8/lib/python3.8/site-packages/urllib3/connectionpool.py", line 392, in _make_request
    conn.request(method, url, **httplib_request_kw)
  File "/Library/Frameworks/Python.framework/Versions/3.8/lib/python3.8/http/client.py", line 1230, in request
    self._send_request(method, url, body, headers, encode_chunked)
  File "/Library/Frameworks/Python.framework/Versions/3.8/lib/python3.8/http/client.py", line 1276, in _send_request
    self.endheaders(body, encode_chunked=encode_chunked)
  File "/Library/Frameworks/Python.framework/Versions/3.8/lib/python3.8/http/client.py", line 1225, in endheaders
    self._send_output(message_body, encode_chunked=encode_chunked)
  File "/Library/Frameworks/Python.framework/Versions/3.8/lib/python3.8/http/client.py", line 1004, in _send_output
    self.send(msg)
  File "/Library/Frameworks/Python.framework/Versions/3.8/lib/python3.8/http/client.py", line 944, in send
    self.connect()
  File "/Library/Frameworks/Python.framework/Versions/3.8/lib/python3.8/site-packages/urllib3/connection.py", line 187, in connect
    conn = self._new_conn()
  File "/Library/Frameworks/Python.framework/Versions/3.8/lib/python3.8/site-packages/urllib3/connection.py", line 171, in _new_conn
    raise NewConnectionError(
urllib3.exceptions.NewConnectionError: <urllib3.connection.HTTPConnection object at 0x1075b5850>: Failed to establish a new connection: [Errno 61] Connection refused

During handling of the above exception, another exception occurred:

Traceback (most recent call last):
  File "/Library/Frameworks/Python.framework/Versions/3.8/lib/python3.8/site-packages/requests/adapters.py", line 439, in send
    resp = conn.urlopen(
  File "/Library/Frameworks/Python.framework/Versions/3.8/lib/python3.8/site-packages/urllib3/connectionpool.py", line 726, in urlopen
    retries = retries.increment(
  File "/Library/Frameworks/Python.framework/Versions/3.8/lib/python3.8/site-packages/urllib3/util/retry.py", line 439, in increment
    raise MaxRetryError(_pool, url, error or ResponseError(cause))
urllib3.exceptions.MaxRetryError: HTTPConnectionPool(host='127.0.0.1', port=9090): Max retries exceeded with url: http://zap/JSON/spider/action/scan/?apikey=&url=https%!A(MISSING)%!F(MISSING)%!F(MISSING)marcia-dynamic-security-auto.herokuapp.com%!F(MISSING)login%2F&recurse=False&subtreeOnly=True (Caused by ProxyError('Cannot connect to proxy.', NewConnectionError('<urllib3.connection.HTTPConnection object at 0x1075b5850>: Failed to establish a new connection: [Errno 61] Connection refused')))

During handling of the above exception, another exception occurred:

Traceback (most recent call last):
  File "/Users/jingcai/Library/Python/3.8/lib/python/site-packages/getgauge/executor.py", line 33, in execute_method
    step.impl(*params)
  File "/Users/jingcai/Documents/IdeaProject/securityTrainning/marcia_dynamic_security_test/step_impl/juiceshop_impl.py", line 60, in zap_spider
    spider_id = zap.spider.scan(url,recurse = False, subtreeonly = True)
  File "/Library/Frameworks/Python.framework/Versions/3.8/lib/python3.8/site-packages/zapv2/spider.py", line 215, in scan
    return six.next(six.itervalues(self.zap._request(self.zap.base + 'spider/action/scan/', params)))
  File "/Library/Frameworks/Python.framework/Versions/3.8/lib/python3.8/site-packages/zapv2/__init__.py", line 192, in _request
    data = self._request_api(url, get)
  File "/Library/Frameworks/Python.framework/Versions/3.8/lib/python3.8/site-packages/zapv2/__init__.py", line 172, in _request_api
    response = self.session.get(url, params=query, proxies=self.__proxies, verify=False)
  File "/Library/Frameworks/Python.framework/Versions/3.8/lib/python3.8/site-packages/requests/sessions.py", line 543, in get
    return self.request('GET', url, **kwargs)
  File "/Library/Frameworks/Python.framework/Versions/3.8/lib/python3.8/site-packages/requests/sessions.py", line 530, in request
    resp = self.send(prep, **send_kwargs)
  File "/Library/Frameworks/Python.framework/Versions/3.8/lib/python3.8/site-packages/requests/sessions.py", line 643, in send
    r = adapter.send(request, **kwargs)
  File "/Library/Frameworks/Python.framework/Versions/3.8/lib/python3.8/site-packages/requests/adapters.py", line 510, in send
    raise ProxyError(e, request=request)
requests.exceptions.ProxyError: HTTPConnectionPool(host='127.0.0.1', port=9090): Max retries exceeded with url: http://zap/JSON/spider/action/scan/?apikey=&url=https%!A(MISSING)%!F(MISSING)%!F(MISSING)marcia-dynamic-security-auto.herokuapp.com%!F(MISSING)login%2F&recurse=False&subtreeOnly=True (Caused by ProxyError('Cannot connect to proxy.', NewConnectionError('<urllib3.connection.HTTPConnection object at 0x1075b5850>: Failed to establish a new connection: [Errno 61] Connection refused')))
02-11-2020 15:07:00.700 [Gauge] [INFO] ## Shutdown ZAP
02-11-2020 15:07:00.702 [Gauge] [DEBUG] * Shutdown ZAP

02-11-2020 15:07:00.870 [Gauge] [ERROR] Failed Step: Shutdown ZAP
02-11-2020 15:07:00.870 [Gauge] [ERROR] Error Message: HTTPConnectionPool(host='127.0.0.1', port=9090): Max retries exceeded with url: http://zap/JSON/core/action/shutdown/?apikey= (Caused by ProxyError('Cannot connect to proxy.', NewConnectionError('<urllib3.connection.HTTPConnection object at 0x108e36640>: Failed to establish a new connection: [Errno 61] Connection refused')))
02-11-2020 15:07:00.870 [Gauge] [ERROR] Specification: specs/juiceshop.spec:22
02-11-2020 15:07:00.870 [Gauge] [ERROR] Stacktrace: 
Traceback (most recent call last):
  File "/Library/Frameworks/Python.framework/Versions/3.8/lib/python3.8/site-packages/urllib3/connection.py", line 159, in _new_conn
    conn = connection.create_connection(
  File "/Library/Frameworks/Python.framework/Versions/3.8/lib/python3.8/site-packages/urllib3/util/connection.py", line 84, in create_connection
    raise err
  File "/Library/Frameworks/Python.framework/Versions/3.8/lib/python3.8/site-packages/urllib3/util/connection.py", line 74, in create_connection
    sock.connect(sa)
ConnectionRefusedError: [Errno 61] Connection refused

During handling of the above exception, another exception occurred:

Traceback (most recent call last):
  File "/Library/Frameworks/Python.framework/Versions/3.8/lib/python3.8/site-packages/urllib3/connectionpool.py", line 670, in urlopen
    httplib_response = self._make_request(
  File "/Library/Frameworks/Python.framework/Versions/3.8/lib/python3.8/site-packages/urllib3/connectionpool.py", line 392, in _make_request
    conn.request(method, url, **httplib_request_kw)
  File "/Library/Frameworks/Python.framework/Versions/3.8/lib/python3.8/http/client.py", line 1230, in request
    self._send_request(method, url, body, headers, encode_chunked)
  File "/Library/Frameworks/Python.framework/Versions/3.8/lib/python3.8/http/client.py", line 1276, in _send_request
    self.endheaders(body, encode_chunked=encode_chunked)
  File "/Library/Frameworks/Python.framework/Versions/3.8/lib/python3.8/http/client.py", line 1225, in endheaders
    self._send_output(message_body, encode_chunked=encode_chunked)
  File "/Library/Frameworks/Python.framework/Versions/3.8/lib/python3.8/http/client.py", line 1004, in _send_output
    self.send(msg)
  File "/Library/Frameworks/Python.framework/Versions/3.8/lib/python3.8/http/client.py", line 944, in send
    self.connect()
  File "/Library/Frameworks/Python.framework/Versions/3.8/lib/python3.8/site-packages/urllib3/connection.py", line 187, in connect
    conn = self._new_conn()
  File "/Library/Frameworks/Python.framework/Versions/3.8/lib/python3.8/site-packages/urllib3/connection.py", line 171, in _new_conn
    raise NewConnectionError(
urllib3.exceptions.NewConnectionError: <urllib3.connection.HTTPConnection object at 0x108e36640>: Failed to establish a new connection: [Errno 61] Connection refused

During handling of the above exception, another exception occurred:

Traceback (most recent call last):
  File "/Library/Frameworks/Python.framework/Versions/3.8/lib/python3.8/site-packages/requests/adapters.py", line 439, in send
    resp = conn.urlopen(
  File "/Library/Frameworks/Python.framework/Versions/3.8/lib/python3.8/site-packages/urllib3/connectionpool.py", line 726, in urlopen
    retries = retries.increment(
  File "/Library/Frameworks/Python.framework/Versions/3.8/lib/python3.8/site-packages/urllib3/util/retry.py", line 439, in increment
    raise MaxRetryError(_pool, url, error or ResponseError(cause))
urllib3.exceptions.MaxRetryError: HTTPConnectionPool(host='127.0.0.1', port=9090): Max retries exceeded with url: http://zap/JSON/core/action/shutdown/?apikey= (Caused by ProxyError('Cannot connect to proxy.', NewConnectionError('<urllib3.connection.HTTPConnection object at 0x108e36640>: Failed to establish a new connection: [Errno 61] Connection refused')))

During handling of the above exception, another exception occurred:

Traceback (most recent call last):
  File "/Users/jingcai/Library/Python/3.8/lib/python/site-packages/getgauge/executor.py", line 33, in execute_method
    step.impl(*params)
  File "/Users/jingcai/Documents/IdeaProject/securityTrainning/marcia_dynamic_security_test/step_impl/juiceshop_impl.py", line 105, in zap_shutdown
    zap.core.shutdown()
  File "/Library/Frameworks/Python.framework/Versions/3.8/lib/python3.8/site-packages/zapv2/core.py", line 303, in shutdown
    return six.next(six.itervalues(self.zap._request(self.zap.base + 'core/action/shutdown/', {'apikey': apikey})))
  File "/Library/Frameworks/Python.framework/Versions/3.8/lib/python3.8/site-packages/zapv2/__init__.py", line 192, in _request
    data = self._request_api(url, get)
  File "/Library/Frameworks/Python.framework/Versions/3.8/lib/python3.8/site-packages/zapv2/__init__.py", line 172, in _request_api
    response = self.session.get(url, params=query, proxies=self.__proxies, verify=False)
  File "/Library/Frameworks/Python.framework/Versions/3.8/lib/python3.8/site-packages/requests/sessions.py", line 543, in get
    return self.request('GET', url, **kwargs)
  File "/Library/Frameworks/Python.framework/Versions/3.8/lib/python3.8/site-packages/requests/sessions.py", line 530, in request
    resp = self.send(prep, **send_kwargs)
  File "/Library/Frameworks/Python.framework/Versions/3.8/lib/python3.8/site-packages/requests/sessions.py", line 643, in send
    r = adapter.send(request, **kwargs)
  File "/Library/Frameworks/Python.framework/Versions/3.8/lib/python3.8/site-packages/requests/adapters.py", line 510, in send
    raise ProxyError(e, request=request)
requests.exceptions.ProxyError: HTTPConnectionPool(host='127.0.0.1', port=9090): Max retries exceeded with url: http://zap/JSON/core/action/shutdown/?apikey= (Caused by ProxyError('Cannot connect to proxy.', NewConnectionError('<urllib3.connection.HTTPConnection object at 0x108e36640>: Failed to establish a new connection: [Errno 61] Connection refused')))
02-11-2020 15:07:00.873 [html-report] [DEBUG] Transformed SuiteResult to report structure
02-11-2020 15:07:00.954 [html-report] [INFO] Successfully generated html-report to => /Users/jingcai/Documents/IdeaProject/securityTrainning/marcia_dynamic_security_test/reports/html-report/index.html
02-11-2020 15:07:00.954 [html-report] [DEBUG] Done generating HTML report using theme from /Users/jingcai/.gauge/plugins/html-report/4.0.12/themes/default
02-11-2020 15:07:00.954 [Gauge] [DEBUG] Sending kill message to Html Report plugin.
02-11-2020 15:07:00.955 [python] [DEBUG] KillProcessrequest received
02-11-2020 15:07:01.469 [Gauge] [DEBUG] Runner with PID:7231 has exited
02-11-2020 15:07:01.469 [Gauge] [INFO] Specifications:	2 executed	1 passed	1 failed	0 skipped
02-11-2020 15:07:01.469 [Gauge] [INFO] Scenarios:	6 executed	2 passed	4 failed	0 skipped
02-11-2020 15:07:01.469 [Gauge] [INFO] 
Total time taken: 1.11s
02-11-2020 15:08:29.698 [Gauge] [DEBUG] Created gauge_screenshots_dir at /Users/jingcai/Documents/IdeaProject/securityTrainning/marcia_dynamic_security_test/.gauge/screenshots
02-11-2020 15:08:29.699 [Gauge] [DEBUG] Plugin python is already installed.
02-11-2020 15:08:29.699 [Gauge] [DEBUG] Plugin html-report is already installed.
02-11-2020 15:08:29.699 [Gauge] [DEBUG] Parsing started.
02-11-2020 15:08:29.699 [Gauge] [DEBUG] Started concepts parsing.
02-11-2020 15:08:29.700 [Gauge] [DEBUG] 0 concepts parsing completed.
02-11-2020 15:08:29.700 [Gauge] [DEBUG] Started specifications parsing.
02-11-2020 15:08:29.701 [Gauge] [DEBUG] 2 specifications parsing completed.
02-11-2020 15:08:29.701 [Gauge] [DEBUG] Parsing completed.
02-11-2020 15:08:30.214 [python] [INFO] Python: 3.8.2
02-11-2020 15:08:30.214 [python] [DEBUG] Loading step implementations from /Users/jingcai/Documents/IdeaProject/securityTrainning/marcia_dynamic_security_test/step_impl dirs.
02-11-2020 15:08:30.229 [python] [DEBUG] Starting grpc server..
02-11-2020 15:08:30.244 [Gauge] [DEBUG] Attempting to connect to grpc server at port: 58346
02-11-2020 15:08:30.245 [Gauge] [DEBUG] Successfully made the connection with runner with port: 58346
02-11-2020 15:08:30.245 [Gauge] [DEBUG] Validation started.
02-11-2020 15:08:30.250 [Gauge] [DEBUG] Validation completed.
02-11-2020 15:08:30.250 [Gauge] [DEBUG] Run started
02-11-2020 15:08:30.251 [Gauge] [DEBUG] Starting Html Report plugin
02-11-2020 15:08:30.260 [Gauge] [DEBUG] Attempting to connect to grpc server at port: 58351
02-11-2020 15:08:30.261 [Gauge] [DEBUG] Successfully made the connection with plugin with port: 58351
02-11-2020 15:08:30.261 [Gauge] [DEBUG] Initialising suite data store.
02-11-2020 15:08:30.264 [python] [INFO] ['a', 'b', 'c']
02-11-2020 15:08:30.332 [python] [INFO] hello
02-11-2020 15:08:30.332 [Gauge] [INFO] # Specification Heading
02-11-2020 15:08:30.335 [Gauge] [INFO] ## Vowel counts in single word
02-11-2020 15:08:30.336 [Gauge] [DEBUG] * Vowels in English language are "aeiou".

02-11-2020 15:08:30.337 [Gauge] [DEBUG] * The word "gauge" has "3" vowels.

02-11-2020 15:08:30.339 [Gauge] [INFO] ## Vowel counts in multiple word
02-11-2020 15:08:30.340 [Gauge] [DEBUG] * Vowels in English language are "aeiou".

02-11-2020 15:08:30.342 [Gauge] [DEBUG] * Almost all words have vowels 

   |Word  |Vowel Count|
   |------|-----------|
   |Gauge |3          |
   |Mingle|2          |
   |Snap  |1          |
   |GoCD  |1          |
   |Rhythm|0          |
02-11-2020 15:08:30.344 [Gauge] [INFO] # Use ZAP to perform DAST
02-11-2020 15:08:30.345 [Gauge] [INFO] ## Setup ZAP
02-11-2020 15:08:30.346 [Gauge] [DEBUG] * Start ZAP

02-11-2020 15:08:30.366 [python] [INFO] waiting zap to start
02-11-2020 15:08:30.811 [Gauge] [DEBUG] Checking updates...
02-11-2020 15:08:30.812 [Gauge] [DEBUG] Downloading https://downloads.gauge.org/plugin/html-report?l=python&p=html-report,python,screenshot&o=darwin&a=amd64
02-11-2020 15:08:31.193 [Gauge] [DEBUG] Downloading https://downloads.gauge.org/plugin/python?l=python&p=html-report,python,screenshot&o=darwin&a=amd64
02-11-2020 15:08:31.339 [Gauge] [DEBUG] Downloading https://downloads.gauge.org/plugin/screenshot?l=python&p=html-report,python,screenshot&o=darwin&a=amd64
02-11-2020 15:08:35.374 [python] [INFO] waiting zap to start
02-11-2020 15:08:40.399 [python] [INFO] zap is starting
02-11-2020 15:08:41.408 [python] [INFO] zap is starting
02-11-2020 15:08:42.419 [python] [INFO] zap is starting
02-11-2020 15:08:43.430 [python] [INFO] zap is starting
02-11-2020 15:08:44.433 [python] [INFO] zap is starting
02-11-2020 15:08:45.437 [python] [INFO] zap is starting
02-11-2020 15:08:46.446 [python] [INFO] zap is starting
02-11-2020 15:08:47.454 [python] [INFO] zap is starting
02-11-2020 15:08:48.463 [python] [INFO] zap is starting
02-11-2020 15:08:49.473 [python] [INFO] zap is starting
02-11-2020 15:08:50.479 [python] [INFO] zap is starting
02-11-2020 15:08:51.485 [python] [INFO] zap is starting
02-11-2020 15:08:52.493 [python] [INFO] zap is starting
02-11-2020 15:08:53.499 [python] [INFO] zap is starting
02-11-2020 15:08:54.509 [python] [INFO] zap is starting
02-11-2020 15:08:55.519 [python] [INFO] zap is starting
02-11-2020 15:08:56.523 [python] [INFO] zap is starting
02-11-2020 15:08:57.534 [python] [INFO] zap is starting
02-11-2020 15:08:58.540 [python] [INFO] zap is starting
02-11-2020 15:08:59.550 [python] [INFO] zap is starting
02-11-2020 15:09:00.555 [python] [INFO] zap is starting
02-11-2020 15:09:01.565 [python] [INFO] zap is starting
02-11-2020 15:09:02.575 [python] [INFO] zap is starting
02-11-2020 15:09:03.584 [python] [INFO] zap is starting
02-11-2020 15:09:04.589 [python] [INFO] zap is starting
02-11-2020 15:09:05.598 [python] [INFO] zap is starting
02-11-2020 15:09:06.605 [python] [INFO] zap is starting
02-11-2020 15:09:07.614 [python] [INFO] zap is starting
02-11-2020 15:09:08.618 [python] [INFO] zap is starting
02-11-2020 15:09:09.624 [python] [INFO] zap is starting
02-11-2020 15:09:10.632 [python] [INFO] zap is starting
02-11-2020 15:09:11.637 [python] [INFO] zap is starting
02-11-2020 15:09:12.642 [python] [INFO] zap is starting
02-11-2020 15:09:13.648 [python] [INFO] zap is starting
02-11-2020 15:09:14.655 [python] [INFO] zap is starting
02-11-2020 15:09:15.662 [python] [INFO] zap is starting
02-11-2020 15:09:16.667 [python] [INFO] zap is starting
02-11-2020 15:09:17.675 [python] [INFO] zap is starting
02-11-2020 15:09:18.684 [python] [INFO] zap is starting
02-11-2020 15:09:19.694 [python] [INFO] zap is starting
02-11-2020 15:09:20.700 [python] [INFO] zap is starting
02-11-2020 15:09:21.707 [python] [INFO] zap is starting
02-11-2020 15:09:22.713 [python] [INFO] zap is starting
02-11-2020 15:09:23.721 [python] [INFO] zap is starting
02-11-2020 15:09:24.728 [python] [INFO] zap is starting
02-11-2020 15:09:25.733 [python] [INFO] zap is starting
02-11-2020 15:09:26.742 [python] [INFO] zap is starting
02-11-2020 15:09:27.752 [python] [INFO] zap is starting
02-11-2020 15:09:28.758 [python] [INFO] zap is starting
02-11-2020 15:09:29.766 [python] [INFO] zap is starting
02-11-2020 15:09:30.772 [python] [INFO] zap is starting
02-11-2020 15:09:31.779 [python] [INFO] zap is starting
02-11-2020 15:09:32.789 [python] [INFO] zap is starting
02-11-2020 15:09:33.798 [python] [INFO] zap is starting
02-11-2020 15:09:34.808 [python] [INFO] zap is starting
02-11-2020 15:09:35.818 [python] [INFO] zap is starting
02-11-2020 15:09:36.826 [python] [INFO] zap is starting
02-11-2020 15:09:37.836 [python] [INFO] zap is starting
02-11-2020 15:09:38.842 [python] [INFO] zap is starting
02-11-2020 15:09:39.850 [python] [INFO] zap is starting
02-11-2020 15:09:40.873 [python] [INFO] zap is starting
02-11-2020 15:09:41.883 [python] [INFO] zap is starting
02-11-2020 15:09:42.890 [python] [INFO] zap is starting
02-11-2020 15:09:43.900 [python] [INFO] zap is starting
02-11-2020 15:09:44.908 [python] [INFO] zap is starting
02-11-2020 15:09:45.914 [python] [INFO] zap is starting
02-11-2020 15:09:46.919 [python] [INFO] zap is starting
02-11-2020 15:09:47.926 [python] [INFO] zap is starting
02-11-2020 15:09:48.932 [python] [INFO] zap is starting
02-11-2020 15:09:49.941 [python] [INFO] zap is starting
02-11-2020 15:09:50.949 [python] [INFO] zap is starting
02-11-2020 15:09:51.958 [python] [INFO] zap is starting
02-11-2020 15:09:52.966 [python] [INFO] zap is starting
02-11-2020 15:09:53.973 [python] [INFO] zap is starting
02-11-2020 15:09:54.978 [python] [INFO] zap is starting
02-11-2020 15:09:55.988 [python] [INFO] zap is starting
02-11-2020 15:09:56.996 [python] [INFO] zap is starting
02-11-2020 15:09:58.004 [python] [INFO] zap is starting
02-11-2020 15:09:59.014 [python] [INFO] zap is starting
02-11-2020 15:10:00.020 [python] [INFO] zap is starting
02-11-2020 15:10:01.030 [python] [INFO] zap is starting
02-11-2020 15:10:02.035 [python] [INFO] zap is starting
02-11-2020 15:10:03.041 [python] [INFO] zap is starting
02-11-2020 15:10:04.049 [python] [INFO] zap is starting
02-11-2020 15:10:05.057 [python] [INFO] zap is starting
02-11-2020 15:10:06.063 [python] [INFO] zap is starting
02-11-2020 15:10:07.067 [python] [INFO] zap is starting
02-11-2020 15:10:08.076 [python] [INFO] zap is starting
02-11-2020 15:10:09.082 [python] [INFO] zap is starting
02-11-2020 15:10:10.089 [python] [INFO] zap is starting
02-11-2020 15:10:11.095 [python] [INFO] zap is starting
02-11-2020 15:10:12.101 [python] [INFO] zap is starting
02-11-2020 15:10:13.106 [python] [INFO] zap is starting
02-11-2020 15:10:14.112 [python] [INFO] zap is starting
02-11-2020 15:10:15.121 [python] [INFO] zap is starting
02-11-2020 15:10:16.126 [python] [INFO] zap is starting
02-11-2020 15:10:17.131 [python] [INFO] zap is starting
02-11-2020 15:10:18.138 [python] [INFO] zap is starting
02-11-2020 15:10:19.147 [python] [INFO] zap is starting
02-11-2020 15:10:20.156 [python] [INFO] zap is starting
02-11-2020 15:10:21.162 [python] [INFO] zap is starting
02-11-2020 15:10:22.171 [python] [INFO] zap is starting
02-11-2020 15:10:23.177 [python] [INFO] zap is starting
02-11-2020 15:10:24.186 [python] [INFO] zap is starting
02-11-2020 15:10:25.191 [python] [INFO] zap is starting
02-11-2020 15:10:26.198 [python] [INFO] zap is starting
02-11-2020 15:10:27.204 [python] [INFO] zap is starting
02-11-2020 15:10:28.213 [python] [INFO] zap is starting
02-11-2020 15:10:29.218 [python] [INFO] zap is starting
02-11-2020 15:10:30.226 [python] [INFO] zap is starting
02-11-2020 15:10:31.231 [python] [INFO] zap is starting
02-11-2020 15:10:32.237 [python] [INFO] zap is starting
02-11-2020 15:10:33.242 [python] [INFO] zap is starting
02-11-2020 15:10:34.250 [python] [INFO] zap is starting
02-11-2020 15:10:35.260 [python] [INFO] zap is starting
02-11-2020 15:10:36.263 [python] [INFO] zap is starting
02-11-2020 15:10:37.268 [python] [INFO] zap is starting
02-11-2020 15:10:38.273 [python] [INFO] zap is starting
02-11-2020 15:10:39.281 [python] [INFO] zap is starting
02-11-2020 15:10:40.287 [python] [INFO] zap is starting
02-11-2020 15:10:41.291 [python] [INFO] zap is starting
02-11-2020 15:10:42.301 [python] [INFO] zap is starting
02-11-2020 15:10:43.310 [python] [INFO] zap is starting
02-11-2020 15:10:44.318 [python] [INFO] zap is starting
02-11-2020 15:10:45.328 [python] [INFO] zap is starting
02-11-2020 15:10:46.334 [python] [INFO] zap is starting
02-11-2020 15:10:47.340 [python] [INFO] zap is starting
02-11-2020 15:10:48.345 [python] [INFO] zap is starting
02-11-2020 15:10:49.354 [python] [INFO] zap is starting
02-11-2020 15:10:50.359 [python] [INFO] zap is starting
02-11-2020 15:10:51.365 [python] [INFO] zap is starting
02-11-2020 16:28:09.368 [Gauge] [DEBUG] Created gauge_screenshots_dir at /Users/jingcai/Documents/IdeaProject/securityTrainning/marcia_dynamic_security_test/.gauge/screenshots
02-11-2020 16:28:09.371 [Gauge] [DEBUG] Plugin html-report is already installed.
02-11-2020 16:28:09.372 [Gauge] [DEBUG] Plugin python is already installed.
02-11-2020 16:28:09.372 [Gauge] [DEBUG] Parsing started.
02-11-2020 16:28:09.372 [Gauge] [DEBUG] Started concepts parsing.
02-11-2020 16:28:09.373 [Gauge] [DEBUG] 0 concepts parsing completed.
02-11-2020 16:28:09.373 [Gauge] [DEBUG] Started specifications parsing.
02-11-2020 16:28:09.373 [Gauge] [DEBUG] 1 specifications parsing completed.
02-11-2020 16:28:09.373 [Gauge] [DEBUG] Parsing completed.
02-11-2020 16:28:09.972 [python] [INFO] Python: 3.8.2
02-11-2020 16:28:09.972 [python] [DEBUG] Loading step implementations from /Users/jingcai/Documents/IdeaProject/securityTrainning/marcia_dynamic_security_test/step_impl dirs.
02-11-2020 16:28:09.999 [Gauge] [DEBUG] Attempting to connect to grpc server at port: 59308
02-11-2020 16:28:09.999 [Gauge] [DEBUG] Successfully made the connection with runner with port: 59308
02-11-2020 16:28:10.000 [Gauge] [DEBUG] Validation started.
02-11-2020 16:28:10.004 [Gauge] [DEBUG] Validation completed.
02-11-2020 16:28:10.004 [Gauge] [DEBUG] Run started
02-11-2020 16:28:10.005 [Gauge] [DEBUG] Starting Html Report plugin
02-11-2020 16:28:10.047 [Gauge] [DEBUG] Attempting to connect to grpc server at port: 59314
02-11-2020 16:28:10.048 [Gauge] [DEBUG] Successfully made the connection with plugin with port: 59314
02-11-2020 16:28:10.048 [Gauge] [DEBUG] Initialising suite data store.
02-11-2020 16:28:10.055 [python] [INFO] ['a', 'b', 'c']
02-11-2020 16:28:10.162 [python] [INFO] hello
02-11-2020 16:28:10.163 [Gauge] [INFO] # Use ZAP to perform DAST
02-11-2020 16:28:10.165 [Gauge] [INFO] ## Setup ZAP
02-11-2020 16:28:10.167 [Gauge] [DEBUG] * Start ZAP

02-11-2020 16:28:10.183 [python] [INFO] waiting zap to start
02-11-2020 16:28:10.633 [Gauge] [DEBUG] Checking updates...
02-11-2020 16:28:10.634 [Gauge] [DEBUG] Downloading https://downloads.gauge.org/plugin/html-report?l=python&p=html-report,python,screenshot&o=darwin&a=amd64
02-11-2020 16:28:11.251 [Gauge] [DEBUG] Downloading https://downloads.gauge.org/plugin/python?l=python&p=html-report,python,screenshot&o=darwin&a=amd64
02-11-2020 16:28:11.386 [Gauge] [DEBUG] Downloading https://downloads.gauge.org/plugin/screenshot?l=python&p=html-report,python,screenshot&o=darwin&a=amd64
02-11-2020 16:28:15.211 [python] [INFO] zap is starting
02-11-2020 16:28:16.216 [python] [INFO] zap is starting
02-11-2020 16:28:17.225 [python] [INFO] zap is starting
02-11-2020 16:28:18.235 [python] [INFO] zap is starting
02-11-2020 16:47:29.742 [Gauge] [DEBUG] Created gauge_screenshots_dir at /Users/jingcai/Documents/IdeaProject/securityTrainning/marcia_dynamic_security_test/.gauge/screenshots
02-11-2020 16:47:29.745 [Gauge] [DEBUG] Plugin python is already installed.
02-11-2020 16:47:29.746 [Gauge] [DEBUG] Plugin html-report is already installed.
02-11-2020 16:47:29.747 [Gauge] [DEBUG] Parsing started.
02-11-2020 16:47:29.747 [Gauge] [DEBUG] Started concepts parsing.
02-11-2020 16:47:29.747 [Gauge] [DEBUG] 0 concepts parsing completed.
02-11-2020 16:47:29.747 [Gauge] [DEBUG] Started specifications parsing.
02-11-2020 16:47:29.748 [Gauge] [DEBUG] 1 specifications parsing completed.
02-11-2020 16:47:29.748 [Gauge] [DEBUG] Parsing completed.
02-11-2020 16:47:30.354 [python] [INFO] Python: 3.8.2
02-11-2020 16:47:30.354 [python] [DEBUG] Loading step implementations from /Users/jingcai/Documents/IdeaProject/securityTrainning/marcia_dynamic_security_test/step_impl dirs.
02-11-2020 16:47:30.369 [python] [DEBUG] Starting grpc server..
02-11-2020 16:47:30.374 [Gauge] [DEBUG] Attempting to connect to grpc server at port: 59553
02-11-2020 16:47:30.376 [Gauge] [DEBUG] Successfully made the connection with runner with port: 59553
02-11-2020 16:47:30.376 [Gauge] [DEBUG] Validation started.
02-11-2020 16:47:30.380 [Gauge] [DEBUG] Validation completed.
02-11-2020 16:47:30.380 [Gauge] [DEBUG] Run started
02-11-2020 16:47:30.381 [Gauge] [DEBUG] Starting Html Report plugin
02-11-2020 16:47:30.421 [Gauge] [DEBUG] Attempting to connect to grpc server at port: 59559
02-11-2020 16:47:30.422 [Gauge] [DEBUG] Successfully made the connection with plugin with port: 59559
02-11-2020 16:47:30.422 [Gauge] [DEBUG] Initialising suite data store.
02-11-2020 16:47:30.429 [python] [INFO] ['a', 'b', 'c']
02-11-2020 16:47:30.532 [python] [INFO] hello
02-11-2020 16:47:30.533 [Gauge] [INFO] # Use ZAP to perform DAST
02-11-2020 16:47:30.534 [Gauge] [INFO] ## Setup ZAP
02-11-2020 16:47:30.536 [Gauge] [DEBUG] * Start ZAP

02-11-2020 16:47:30.700 [Gauge] [ERROR] Failed Step: Start ZAP
02-11-2020 16:47:30.700 [Gauge] [ERROR] Error Message: [Errno 2] No such file or directory: '/Applications/OWASP_ZAP.app\\Contents/Java/zap.sh'
02-11-2020 16:47:30.700 [Gauge] [ERROR] Specification: specs/juiceshop.spec:4
02-11-2020 16:47:30.700 [Gauge] [ERROR] Stacktrace: 
Traceback (most recent call last):
  File "/Users/jingcai/Library/Python/3.8/lib/python/site-packages/getgauge/executor.py", line 33, in execute_method
    step.impl(*params)
  File "/Users/jingcai/Documents/IdeaProject/securityTrainning/marcia_dynamic_security_test/step_impl/juiceshop_impl.py", line 18, in start_zap
    subprocess.Popen(cmd.split(" "),stdout=open(os.devnull, "w"))
  File "/Library/Frameworks/Python.framework/Versions/3.8/lib/python3.8/subprocess.py", line 854, in __init__
    self._execute_child(args, executable, preexec_fn, close_fds,
  File "/Library/Frameworks/Python.framework/Versions/3.8/lib/python3.8/subprocess.py", line 1702, in _execute_child
    raise child_exception_type(errno_num, err_msg, err_filename)
FileNotFoundError: [Errno 2] No such file or directory: '/Applications/OWASP_ZAP.app\\Contents/Java/zap.sh'
02-11-2020 16:47:30.701 [Gauge] [INFO] ## Login to the application
02-11-2020 16:47:30.702 [Gauge] [DEBUG] * Visit login page
02-11-2020 16:47:31.054 [Gauge] [DEBUG] Checking updates...
02-11-2020 16:47:31.055 [Gauge] [DEBUG] Downloading https://downloads.gauge.org/plugin/html-report?l=python&p=html-report,python,screenshot&o=darwin&a=amd64
02-11-2020 16:47:31.066 [Gauge] [ERROR] Failed Step: Visit login page
02-11-2020 16:47:31.066 [Gauge] [ERROR] Error Message: Failed to parse: https://127.0.0.1:{0}.format(port)
02-11-2020 16:47:31.067 [Gauge] [ERROR] Specification: specs/juiceshop.spec:8
02-11-2020 16:47:31.067 [Gauge] [ERROR] Stacktrace: 
Traceback (most recent call last):
  File "/Library/Frameworks/Python.framework/Versions/3.8/lib/python3.8/site-packages/requests/adapters.py", line 412, in send
    conn = self.get_connection(request.url, proxies)
  File "/Library/Frameworks/Python.framework/Versions/3.8/lib/python3.8/site-packages/requests/adapters.py", line 305, in get_connection
    proxy_url = parse_url(proxy)
  File "/Library/Frameworks/Python.framework/Versions/3.8/lib/python3.8/site-packages/urllib3/util/url.py", line 392, in parse_url
    return six.raise_from(LocationParseError(source_url), None)
  File "<string>", line 3, in raise_from
urllib3.exceptions.LocationParseError: Failed to parse: https://127.0.0.1:{0}.format(port)

During handling of the above exception, another exception occurred:

Traceback (most recent call last):
  File "/Users/jingcai/Library/Python/3.8/lib/python/site-packages/getgauge/executor.py", line 33, in execute_method
    step.impl(*params)
  File "/Users/jingcai/Documents/IdeaProject/securityTrainning/marcia_dynamic_security_test/step_impl/juiceshop_impl.py", line 44, in visit_login
    requests.get(login_url, proxies = zap_proxies, verify = False)
  File "/Library/Frameworks/Python.framework/Versions/3.8/lib/python3.8/site-packages/requests/api.py", line 76, in get
    return request('get', url, params=params, **kwargs)
  File "/Library/Frameworks/Python.framework/Versions/3.8/lib/python3.8/site-packages/requests/api.py", line 61, in request
    return session.request(method=method, url=url, **kwargs)
  File "/Library/Frameworks/Python.framework/Versions/3.8/lib/python3.8/site-packages/requests/sessions.py", line 530, in request
    resp = self.send(prep, **send_kwargs)
  File "/Library/Frameworks/Python.framework/Versions/3.8/lib/python3.8/site-packages/requests/sessions.py", line 643, in send
    r = adapter.send(request, **kwargs)
  File "/Library/Frameworks/Python.framework/Versions/3.8/lib/python3.8/site-packages/requests/adapters.py", line 414, in send
    raise InvalidURL(e, request=request)
requests.exceptions.InvalidURL: Failed to parse: https://127.0.0.1:{0}.format(port)
02-11-2020 16:47:31.067 [Gauge] [INFO] ## Kick off the active scan
02-11-2020 16:47:31.068 [Gauge] [DEBUG] * Perform spider from "https://marcia-dynamic-security-auto.herokuapp.com/login#/"
02-11-2020 16:47:31.486 [Gauge] [ERROR] Failed Step: Perform spider from "https://marcia-dynamic-security-auto.herokuapp.com/login#/"
02-11-2020 16:47:31.486 [Gauge] [ERROR] Error Message: HTTPConnectionPool(host='127.0.0.1', port=9090): Max retries exceeded with url: http://zap/JSON/spider/action/scan/?apikey=&url=https%!A(MISSING)%!F(MISSING)%!F(MISSING)marcia-dynamic-security-auto.herokuapp.com%!F(MISSING)login%2F&recurse=False&subtreeOnly=True (Caused by ProxyError('Cannot connect to proxy.', NewConnectionError('<urllib3.connection.HTTPConnection object at 0x10f411460>: Failed to establish a new connection: [Errno 61] Connection refused')))
02-11-2020 16:47:31.486 [Gauge] [ERROR] Specification: specs/juiceshop.spec:13
02-11-2020 16:47:31.486 [Gauge] [ERROR] Stacktrace: 
Traceback (most recent call last):
  File "/Library/Frameworks/Python.framework/Versions/3.8/lib/python3.8/site-packages/urllib3/connection.py", line 159, in _new_conn
    conn = connection.create_connection(
  File "/Library/Frameworks/Python.framework/Versions/3.8/lib/python3.8/site-packages/urllib3/util/connection.py", line 84, in create_connection
    raise err
  File "/Library/Frameworks/Python.framework/Versions/3.8/lib/python3.8/site-packages/urllib3/util/connection.py", line 74, in create_connection
    sock.connect(sa)
ConnectionRefusedError: [Errno 61] Connection refused

During handling of the above exception, another exception occurred:

Traceback (most recent call last):
  File "/Library/Frameworks/Python.framework/Versions/3.8/lib/python3.8/site-packages/urllib3/connectionpool.py", line 670, in urlopen
    httplib_response = self._make_request(
  File "/Library/Frameworks/Python.framework/Versions/3.8/lib/python3.8/site-packages/urllib3/connectionpool.py", line 392, in _make_request
    conn.request(method, url, **httplib_request_kw)
  File "/Library/Frameworks/Python.framework/Versions/3.8/lib/python3.8/http/client.py", line 1230, in request
    self._send_request(method, url, body, headers, encode_chunked)
  File "/Library/Frameworks/Python.framework/Versions/3.8/lib/python3.8/http/client.py", line 1276, in _send_request
    self.endheaders(body, encode_chunked=encode_chunked)
  File "/Library/Frameworks/Python.framework/Versions/3.8/lib/python3.8/http/client.py", line 1225, in endheaders
    self._send_output(message_body, encode_chunked=encode_chunked)
  File "/Library/Frameworks/Python.framework/Versions/3.8/lib/python3.8/http/client.py", line 1004, in _send_output
    self.send(msg)
  File "/Library/Frameworks/Python.framework/Versions/3.8/lib/python3.8/http/client.py", line 944, in send
    self.connect()
  File "/Library/Frameworks/Python.framework/Versions/3.8/lib/python3.8/site-packages/urllib3/connection.py", line 187, in connect
    conn = self._new_conn()
  File "/Library/Frameworks/Python.framework/Versions/3.8/lib/python3.8/site-packages/urllib3/connection.py", line 171, in _new_conn
    raise NewConnectionError(
urllib3.exceptions.NewConnectionError: <urllib3.connection.HTTPConnection object at 0x10f411460>: Failed to establish a new connection: [Errno 61] Connection refused

During handling of the above exception, another exception occurred:

Traceback (most recent call last):
  File "/Library/Frameworks/Python.framework/Versions/3.8/lib/python3.8/site-packages/requests/adapters.py", line 439, in send
    resp = conn.urlopen(
  File "/Library/Frameworks/Python.framework/Versions/3.8/lib/python3.8/site-packages/urllib3/connectionpool.py", line 726, in urlopen
    retries = retries.increment(
  File "/Library/Frameworks/Python.framework/Versions/3.8/lib/python3.8/site-packages/urllib3/util/retry.py", line 439, in increment
    raise MaxRetryError(_pool, url, error or ResponseError(cause))
urllib3.exceptions.MaxRetryError: HTTPConnectionPool(host='127.0.0.1', port=9090): Max retries exceeded with url: http://zap/JSON/spider/action/scan/?apikey=&url=https%!A(MISSING)%!F(MISSING)%!F(MISSING)marcia-dynamic-security-auto.herokuapp.com%!F(MISSING)login%2F&recurse=False&subtreeOnly=True (Caused by ProxyError('Cannot connect to proxy.', NewConnectionError('<urllib3.connection.HTTPConnection object at 0x10f411460>: Failed to establish a new connection: [Errno 61] Connection refused')))

During handling of the above exception, another exception occurred:

Traceback (most recent call last):
  File "/Users/jingcai/Library/Python/3.8/lib/python/site-packages/getgauge/executor.py", line 33, in execute_method
    step.impl(*params)
  File "/Users/jingcai/Documents/IdeaProject/securityTrainning/marcia_dynamic_security_test/step_impl/juiceshop_impl.py", line 64, in zap_spider
    spider_id = zap.spider.scan(url,recurse = False, subtreeonly = True)
  File "/Library/Frameworks/Python.framework/Versions/3.8/lib/python3.8/site-packages/zapv2/spider.py", line 215, in scan
    return six.next(six.itervalues(self.zap._request(self.zap.base + 'spider/action/scan/', params)))
  File "/Library/Frameworks/Python.framework/Versions/3.8/lib/python3.8/site-packages/zapv2/__init__.py", line 192, in _request
    data = self._request_api(url, get)
  File "/Library/Frameworks/Python.framework/Versions/3.8/lib/python3.8/site-packages/zapv2/__init__.py", line 172, in _request_api
    response = self.session.get(url, params=query, proxies=self.__proxies, verify=False)
  File "/Library/Frameworks/Python.framework/Versions/3.8/lib/python3.8/site-packages/requests/sessions.py", line 543, in get
    return self.request('GET', url, **kwargs)
  File "/Library/Frameworks/Python.framework/Versions/3.8/lib/python3.8/site-packages/requests/sessions.py", line 530, in request
    resp = self.send(prep, **send_kwargs)
  File "/Library/Frameworks/Python.framework/Versions/3.8/lib/python3.8/site-packages/requests/sessions.py", line 643, in send
    r = adapter.send(request, **kwargs)
  File "/Library/Frameworks/Python.framework/Versions/3.8/lib/python3.8/site-packages/requests/adapters.py", line 510, in send
    raise ProxyError(e, request=request)
requests.exceptions.ProxyError: HTTPConnectionPool(host='127.0.0.1', port=9090): Max retries exceeded with url: http://zap/JSON/spider/action/scan/?apikey=&url=https%!A(MISSING)%!F(MISSING)%!F(MISSING)marcia-dynamic-security-auto.herokuapp.com%!F(MISSING)login%2F&recurse=False&subtreeOnly=True (Caused by ProxyError('Cannot connect to proxy.', NewConnectionError('<urllib3.connection.HTTPConnection object at 0x10f411460>: Failed to establish a new connection: [Errno 61] Connection refused')))
02-11-2020 16:47:31.487 [Gauge] [INFO] ## Shutdown ZAP
02-11-2020 16:47:31.488 [Gauge] [DEBUG] * Shutdown ZAP

02-11-2020 16:47:31.649 [Gauge] [ERROR] Failed Step: Shutdown ZAP
02-11-2020 16:47:31.649 [Gauge] [ERROR] Error Message: HTTPConnectionPool(host='127.0.0.1', port=9090): Max retries exceeded with url: http://zap/JSON/core/action/shutdown/?apikey= (Caused by ProxyError('Cannot connect to proxy.', NewConnectionError('<urllib3.connection.HTTPConnection object at 0x10f476250>: Failed to establish a new connection: [Errno 61] Connection refused')))
02-11-2020 16:47:31.649 [Gauge] [ERROR] Specification: specs/juiceshop.spec:22
02-11-2020 16:47:31.649 [Gauge] [ERROR] Stacktrace: 
Traceback (most recent call last):
  File "/Library/Frameworks/Python.framework/Versions/3.8/lib/python3.8/site-packages/urllib3/connection.py", line 159, in _new_conn
    conn = connection.create_connection(
  File "/Library/Frameworks/Python.framework/Versions/3.8/lib/python3.8/site-packages/urllib3/util/connection.py", line 84, in create_connection
    raise err
  File "/Library/Frameworks/Python.framework/Versions/3.8/lib/python3.8/site-packages/urllib3/util/connection.py", line 74, in create_connection
    sock.connect(sa)
ConnectionRefusedError: [Errno 61] Connection refused

During handling of the above exception, another exception occurred:

Traceback (most recent call last):
  File "/Library/Frameworks/Python.framework/Versions/3.8/lib/python3.8/site-packages/urllib3/connectionpool.py", line 670, in urlopen
    httplib_response = self._make_request(
  File "/Library/Frameworks/Python.framework/Versions/3.8/lib/python3.8/site-packages/urllib3/connectionpool.py", line 392, in _make_request
    conn.request(method, url, **httplib_request_kw)
  File "/Library/Frameworks/Python.framework/Versions/3.8/lib/python3.8/http/client.py", line 1230, in request
    self._send_request(method, url, body, headers, encode_chunked)
  File "/Library/Frameworks/Python.framework/Versions/3.8/lib/python3.8/http/client.py", line 1276, in _send_request
    self.endheaders(body, encode_chunked=encode_chunked)
  File "/Library/Frameworks/Python.framework/Versions/3.8/lib/python3.8/http/client.py", line 1225, in endheaders
    self._send_output(message_body, encode_chunked=encode_chunked)
  File "/Library/Frameworks/Python.framework/Versions/3.8/lib/python3.8/http/client.py", line 1004, in _send_output
    self.send(msg)
  File "/Library/Frameworks/Python.framework/Versions/3.8/lib/python3.8/http/client.py", line 944, in send
    self.connect()
  File "/Library/Frameworks/Python.framework/Versions/3.8/lib/python3.8/site-packages/urllib3/connection.py", line 187, in connect
    conn = self._new_conn()
  File "/Library/Frameworks/Python.framework/Versions/3.8/lib/python3.8/site-packages/urllib3/connection.py", line 171, in _new_conn
    raise NewConnectionError(
urllib3.exceptions.NewConnectionError: <urllib3.connection.HTTPConnection object at 0x10f476250>: Failed to establish a new connection: [Errno 61] Connection refused

During handling of the above exception, another exception occurred:

Traceback (most recent call last):
  File "/Library/Frameworks/Python.framework/Versions/3.8/lib/python3.8/site-packages/requests/adapters.py", line 439, in send
    resp = conn.urlopen(
  File "/Library/Frameworks/Python.framework/Versions/3.8/lib/python3.8/site-packages/urllib3/connectionpool.py", line 726, in urlopen
    retries = retries.increment(
  File "/Library/Frameworks/Python.framework/Versions/3.8/lib/python3.8/site-packages/urllib3/util/retry.py", line 439, in increment
    raise MaxRetryError(_pool, url, error or ResponseError(cause))
urllib3.exceptions.MaxRetryError: HTTPConnectionPool(host='127.0.0.1', port=9090): Max retries exceeded with url: http://zap/JSON/core/action/shutdown/?apikey= (Caused by ProxyError('Cannot connect to proxy.', NewConnectionError('<urllib3.connection.HTTPConnection object at 0x10f476250>: Failed to establish a new connection: [Errno 61] Connection refused')))

During handling of the above exception, another exception occurred:

Traceback (most recent call last):
  File "/Users/jingcai/Library/Python/3.8/lib/python/site-packages/getgauge/executor.py", line 33, in execute_method
    step.impl(*params)
  File "/Users/jingcai/Documents/IdeaProject/securityTrainning/marcia_dynamic_security_test/step_impl/juiceshop_impl.py", line 111, in zap_shutdown
    zap.core.shutdown()
  File "/Library/Frameworks/Python.framework/Versions/3.8/lib/python3.8/site-packages/zapv2/core.py", line 303, in shutdown
    return six.next(six.itervalues(self.zap._request(self.zap.base + 'core/action/shutdown/', {'apikey': apikey})))
  File "/Library/Frameworks/Python.framework/Versions/3.8/lib/python3.8/site-packages/zapv2/__init__.py", line 192, in _request
    data = self._request_api(url, get)
  File "/Library/Frameworks/Python.framework/Versions/3.8/lib/python3.8/site-packages/zapv2/__init__.py", line 172, in _request_api
    response = self.session.get(url, params=query, proxies=self.__proxies, verify=False)
  File "/Library/Frameworks/Python.framework/Versions/3.8/lib/python3.8/site-packages/requests/sessions.py", line 543, in get
    return self.request('GET', url, **kwargs)
  File "/Library/Frameworks/Python.framework/Versions/3.8/lib/python3.8/site-packages/requests/sessions.py", line 530, in request
    resp = self.send(prep, **send_kwargs)
  File "/Library/Frameworks/Python.framework/Versions/3.8/lib/python3.8/site-packages/requests/sessions.py", line 643, in send
    r = adapter.send(request, **kwargs)
  File "/Library/Frameworks/Python.framework/Versions/3.8/lib/python3.8/site-packages/requests/adapters.py", line 510, in send
    raise ProxyError(e, request=request)
requests.exceptions.ProxyError: HTTPConnectionPool(host='127.0.0.1', port=9090): Max retries exceeded with url: http://zap/JSON/core/action/shutdown/?apikey= (Caused by ProxyError('Cannot connect to proxy.', NewConnectionError('<urllib3.connection.HTTPConnection object at 0x10f476250>: Failed to establish a new connection: [Errno 61] Connection refused')))
02-11-2020 16:47:31.654 [html-report] [DEBUG] Transformed SuiteResult to report structure
02-11-2020 16:47:31.671 [html-report] [INFO] Successfully generated html-report to => /Users/jingcai/Documents/IdeaProject/securityTrainning/marcia_dynamic_security_test/reports/html-report/index.html
02-11-2020 16:47:31.671 [html-report] [DEBUG] Done generating HTML report using theme from /Users/jingcai/.gauge/plugins/html-report/4.0.12/themes/default
02-11-2020 16:47:31.671 [Gauge] [DEBUG] Sending kill message to Html Report plugin.
02-11-2020 16:47:31.672 [python] [DEBUG] KillProcessrequest received
02-11-2020 16:47:31.696 [Gauge] [DEBUG] Downloading https://downloads.gauge.org/plugin/python?l=python&p=html-report,python,screenshot&o=darwin&a=amd64
02-11-2020 16:47:31.831 [Gauge] [DEBUG] Downloading https://downloads.gauge.org/plugin/screenshot?l=python&p=html-report,python,screenshot&o=darwin&a=amd64
02-11-2020 16:47:32.282 [Gauge] [DEBUG] Runner with PID:7941 has exited
02-11-2020 16:47:32.283 [Gauge] [INFO] Specifications:	1 executed	0 passed	1 failed	0 skipped
02-11-2020 16:47:32.283 [Gauge] [INFO] Scenarios:	4 executed	0 passed	4 failed	0 skipped
02-11-2020 16:47:32.283 [Gauge] [INFO] 
Total time taken: 1.272s
02-11-2020 17:05:50.523 [Gauge] [DEBUG] Created gauge_screenshots_dir at /Users/jingcai/Documents/IdeaProject/securityTrainning/marcia_dynamic_security_test/.gauge/screenshots
02-11-2020 17:05:50.526 [Gauge] [DEBUG] Plugin python is already installed.
02-11-2020 17:05:50.528 [Gauge] [DEBUG] Plugin html-report is already installed.
02-11-2020 17:05:50.528 [Gauge] [DEBUG] Parsing started.
02-11-2020 17:05:50.528 [Gauge] [DEBUG] Started concepts parsing.
02-11-2020 17:05:50.529 [Gauge] [DEBUG] 0 concepts parsing completed.
02-11-2020 17:05:50.529 [Gauge] [DEBUG] Started specifications parsing.
02-11-2020 17:05:50.529 [Gauge] [DEBUG] 1 specifications parsing completed.
02-11-2020 17:05:50.530 [Gauge] [DEBUG] Parsing completed.
02-11-2020 17:05:51.242 [python] [INFO] Python: 3.8.2
02-11-2020 17:05:51.242 [python] [DEBUG] Loading step implementations from /Users/jingcai/Documents/IdeaProject/securityTrainning/marcia_dynamic_security_test/step_impl dirs.
02-11-2020 17:05:51.258 [python] [DEBUG] Starting grpc server..
02-11-2020 17:05:51.262 [Gauge] [DEBUG] Attempting to connect to grpc server at port: 59781
02-11-2020 17:05:51.264 [Gauge] [DEBUG] Successfully made the connection with runner with port: 59781
02-11-2020 17:05:51.264 [Gauge] [DEBUG] Validation started.
02-11-2020 17:05:51.268 [Gauge] [DEBUG] Validation completed.
02-11-2020 17:05:51.268 [Gauge] [DEBUG] Run started
02-11-2020 17:05:51.269 [Gauge] [DEBUG] Starting Html Report plugin
02-11-2020 17:05:51.314 [Gauge] [DEBUG] Attempting to connect to grpc server at port: 59787
02-11-2020 17:05:51.315 [Gauge] [DEBUG] Successfully made the connection with plugin with port: 59787
02-11-2020 17:05:51.315 [Gauge] [DEBUG] Initialising suite data store.
02-11-2020 17:05:51.323 [python] [INFO] ['a', 'b', 'c']
02-11-2020 17:05:51.425 [python] [INFO] hello
02-11-2020 17:05:51.426 [Gauge] [INFO] # Use ZAP to perform DAST
02-11-2020 17:05:51.427 [Gauge] [INFO] ## Setup ZAP
02-11-2020 17:05:51.429 [Gauge] [DEBUG] * Start ZAP

02-11-2020 17:05:51.452 [python] [INFO] zap is starting
02-11-2020 17:05:52.446 [Gauge] [DEBUG] Checking updates...
02-11-2020 17:05:52.447 [Gauge] [DEBUG] Downloading https://downloads.gauge.org/plugin/html-report?l=python&p=html-report,python,screenshot&o=darwin&a=amd64
02-11-2020 17:05:52.457 [python] [INFO] zap is starting
02-11-2020 17:05:53.460 [python] [INFO] zap is starting
02-11-2020 17:05:53.486 [Gauge] [DEBUG] Downloading https://downloads.gauge.org/plugin/python?l=python&p=html-report,python,screenshot&o=darwin&a=amd64
02-11-2020 17:05:53.612 [Gauge] [DEBUG] Downloading https://downloads.gauge.org/plugin/screenshot?l=python&p=html-report,python,screenshot&o=darwin&a=amd64
02-11-2020 17:05:54.470 [python] [INFO] zap is starting
02-11-2020 17:05:55.480 [python] [INFO] zap is starting
02-11-2020 17:05:56.486 [python] [INFO] zap is starting
02-11-2020 17:05:57.491 [python] [INFO] zap is starting
02-11-2020 17:05:58.500 [python] [INFO] zap is starting
02-11-2020 17:10:54.225 [Gauge] [DEBUG] Created gauge_screenshots_dir at /Users/jingcai/Documents/IdeaProject/securityTrainning/marcia_dynamic_security_test/.gauge/screenshots
02-11-2020 17:10:54.228 [Gauge] [DEBUG] Plugin python is already installed.
02-11-2020 17:10:54.228 [Gauge] [DEBUG] Plugin html-report is already installed.
02-11-2020 17:10:54.229 [Gauge] [DEBUG] Parsing started.
02-11-2020 17:10:54.229 [Gauge] [DEBUG] Started concepts parsing.
02-11-2020 17:10:54.229 [Gauge] [DEBUG] 0 concepts parsing completed.
02-11-2020 17:10:54.229 [Gauge] [DEBUG] Started specifications parsing.
02-11-2020 17:10:54.230 [Gauge] [DEBUG] 1 specifications parsing completed.
02-11-2020 17:10:54.230 [Gauge] [DEBUG] Parsing completed.
02-11-2020 17:10:54.883 [python] [INFO] Python: 3.8.2
02-11-2020 17:10:54.883 [python] [DEBUG] Loading step implementations from /Users/jingcai/Documents/IdeaProject/securityTrainning/marcia_dynamic_security_test/step_impl dirs.
02-11-2020 17:10:54.898 [python] [DEBUG] Starting grpc server..
02-11-2020 17:10:54.903 [Gauge] [DEBUG] Attempting to connect to grpc server at port: 59923
02-11-2020 17:10:54.905 [Gauge] [DEBUG] Successfully made the connection with runner with port: 59923
02-11-2020 17:10:54.905 [Gauge] [DEBUG] Validation started.
02-11-2020 17:10:54.909 [Gauge] [DEBUG] Validation completed.
02-11-2020 17:10:54.909 [Gauge] [DEBUG] Run started
02-11-2020 17:10:54.910 [Gauge] [DEBUG] Starting Html Report plugin
02-11-2020 17:10:54.951 [Gauge] [DEBUG] Attempting to connect to grpc server at port: 59929
02-11-2020 17:10:54.952 [Gauge] [DEBUG] Successfully made the connection with plugin with port: 59929
02-11-2020 17:10:54.952 [Gauge] [DEBUG] Initialising suite data store.
02-11-2020 17:10:54.959 [python] [INFO] ['a', 'b', 'c']
02-11-2020 17:10:55.060 [python] [INFO] hello
02-11-2020 17:10:55.061 [Gauge] [INFO] # Use ZAP to perform DAST
02-11-2020 17:10:55.062 [Gauge] [INFO] ## Setup ZAP
02-11-2020 17:10:55.064 [Gauge] [DEBUG] * Start ZAP

02-11-2020 17:10:55.078 [python] [INFO] waiting zap to start
02-11-2020 17:10:55.347 [Gauge] [DEBUG] Checking updates...
02-11-2020 17:10:55.347 [Gauge] [DEBUG] Downloading https://downloads.gauge.org/plugin/html-report?l=python&p=html-report,python,screenshot&o=darwin&a=amd64
02-11-2020 17:10:55.742 [Gauge] [DEBUG] Downloading https://downloads.gauge.org/plugin/python?l=python&p=html-report,python,screenshot&o=darwin&a=amd64
02-11-2020 17:10:55.874 [Gauge] [DEBUG] Downloading https://downloads.gauge.org/plugin/screenshot?l=python&p=html-report,python,screenshot&o=darwin&a=amd64
02-11-2020 17:11:00.104 [python] [INFO] zap is starting
02-11-2020 17:11:01.114 [python] [INFO] zap is starting
02-11-2020 17:11:02.123 [python] [INFO] zap is starting
02-11-2020 17:11:03.130 [python] [INFO] zap is starting
02-11-2020 17:11:04.137 [python] [INFO] zap is starting
02-11-2020 17:11:52.608 [Gauge] [DEBUG] Created gauge_screenshots_dir at /Users/jingcai/Documents/IdeaProject/securityTrainning/marcia_dynamic_security_test/.gauge/screenshots
02-11-2020 17:11:52.609 [Gauge] [DEBUG] Plugin python is already installed.
02-11-2020 17:11:52.609 [Gauge] [DEBUG] Plugin html-report is already installed.
02-11-2020 17:11:52.609 [Gauge] [DEBUG] Parsing started.
02-11-2020 17:11:52.609 [Gauge] [DEBUG] Started concepts parsing.
02-11-2020 17:11:52.609 [Gauge] [DEBUG] 0 concepts parsing completed.
02-11-2020 17:11:52.610 [Gauge] [DEBUG] Started specifications parsing.
02-11-2020 17:11:52.610 [Gauge] [DEBUG] 1 specifications parsing completed.
02-11-2020 17:11:52.610 [Gauge] [DEBUG] Parsing completed.
02-11-2020 17:11:53.120 [python] [INFO] Python: 3.8.2
02-11-2020 17:11:53.120 [python] [DEBUG] Loading step implementations from /Users/jingcai/Documents/IdeaProject/securityTrainning/marcia_dynamic_security_test/step_impl dirs.
02-11-2020 17:11:53.134 [python] [DEBUG] Starting grpc server..
02-11-2020 17:11:53.137 [Gauge] [DEBUG] Attempting to connect to grpc server at port: 59958
02-11-2020 17:11:53.139 [Gauge] [DEBUG] Successfully made the connection with runner with port: 59958
02-11-2020 17:11:53.139 [Gauge] [DEBUG] Validation started.
02-11-2020 17:11:53.142 [Gauge] [DEBUG] Validation completed.
02-11-2020 17:11:53.143 [Gauge] [DEBUG] Run started
02-11-2020 17:11:53.143 [Gauge] [DEBUG] Starting Html Report plugin
02-11-2020 17:11:53.152 [Gauge] [DEBUG] Attempting to connect to grpc server at port: 59963
02-11-2020 17:11:53.153 [Gauge] [DEBUG] Successfully made the connection with plugin with port: 59963
02-11-2020 17:11:53.153 [Gauge] [DEBUG] Initialising suite data store.
02-11-2020 17:11:53.155 [python] [INFO] ['a', 'b', 'c']
02-11-2020 17:11:53.218 [python] [INFO] hello
02-11-2020 17:11:53.219 [Gauge] [INFO] # Use ZAP to perform DAST
02-11-2020 17:11:53.221 [Gauge] [INFO] ## Setup ZAP
02-11-2020 17:11:53.223 [Gauge] [DEBUG] * Start ZAP

02-11-2020 17:11:53.236 [python] [INFO] waiting zap to start
02-11-2020 17:11:54.050 [Gauge] [DEBUG] Checking updates...
02-11-2020 17:11:54.051 [Gauge] [DEBUG] Downloading https://downloads.gauge.org/plugin/html-report?l=python&p=html-report,python,screenshot&o=darwin&a=amd64
02-11-2020 17:11:54.462 [Gauge] [DEBUG] Downloading https://downloads.gauge.org/plugin/python?l=python&p=html-report,python,screenshot&o=darwin&a=amd64
02-11-2020 17:11:54.595 [Gauge] [DEBUG] Downloading https://downloads.gauge.org/plugin/screenshot?l=python&p=html-report,python,screenshot&o=darwin&a=amd64
02-11-2020 17:11:58.259 [python] [INFO] zap is starting
02-11-2020 17:11:59.266 [python] [INFO] zap is starting
02-11-2020 17:12:00.274 [python] [INFO] zap is starting
02-11-2020 17:12:01.280 [python] [INFO] zap is starting
02-11-2020 17:12:02.286 [python] [INFO] zap is starting
02-11-2020 17:12:03.295 [python] [INFO] zap is starting
02-11-2020 17:12:04.301 [python] [INFO] zap is starting
02-11-2020 17:12:05.309 [python] [INFO] zap is starting
02-11-2020 17:12:06.314 [python] [INFO] zap is starting
02-11-2020 17:12:07.324 [python] [INFO] zap is starting
02-11-2020 17:12:08.334 [python] [INFO] zap is starting
02-11-2020 17:12:09.343 [python] [INFO] zap is starting
02-11-2020 17:12:10.349 [python] [INFO] zap is starting
02-11-2020 17:12:11.359 [python] [INFO] zap is starting
02-11-2020 17:12:12.369 [python] [INFO] zap is starting
02-11-2020 17:12:13.378 [python] [INFO] zap is starting
02-11-2020 17:12:50.021 [Gauge] [DEBUG] Created gauge_screenshots_dir at /Users/jingcai/Documents/IdeaProject/securityTrainning/marcia_dynamic_security_test/.gauge/screenshots
02-11-2020 17:12:50.022 [Gauge] [DEBUG] Plugin python is already installed.
02-11-2020 17:12:50.022 [Gauge] [DEBUG] Plugin html-report is already installed.
02-11-2020 17:12:50.022 [Gauge] [DEBUG] Parsing started.
02-11-2020 17:12:50.022 [Gauge] [DEBUG] Started concepts parsing.
02-11-2020 17:12:50.023 [Gauge] [DEBUG] 0 concepts parsing completed.
02-11-2020 17:12:50.023 [Gauge] [DEBUG] Started specifications parsing.
02-11-2020 17:12:50.023 [Gauge] [DEBUG] 1 specifications parsing completed.
02-11-2020 17:12:50.023 [Gauge] [DEBUG] Parsing completed.
02-11-2020 17:12:50.534 [python] [INFO] Python: 3.8.2
02-11-2020 17:12:50.534 [python] [DEBUG] Loading step implementations from /Users/jingcai/Documents/IdeaProject/securityTrainning/marcia_dynamic_security_test/step_impl dirs.
02-11-2020 17:12:50.549 [python] [DEBUG] Starting grpc server..
02-11-2020 17:12:50.553 [Gauge] [DEBUG] Attempting to connect to grpc server at port: 60004
02-11-2020 17:12:50.567 [Gauge] [DEBUG] Successfully made the connection with runner with port: 60004
02-11-2020 17:12:50.567 [Gauge] [DEBUG] Validation started.
02-11-2020 17:12:50.571 [Gauge] [DEBUG] Validation completed.
02-11-2020 17:12:50.572 [Gauge] [DEBUG] Run started
02-11-2020 17:12:50.573 [Gauge] [DEBUG] Starting Html Report plugin
02-11-2020 17:12:50.581 [Gauge] [DEBUG] Attempting to connect to grpc server at port: 60009
02-11-2020 17:12:50.581 [Gauge] [DEBUG] Successfully made the connection with plugin with port: 60009
02-11-2020 17:12:50.581 [Gauge] [DEBUG] Initialising suite data store.
02-11-2020 17:12:50.585 [python] [INFO] ['a', 'b', 'c']
02-11-2020 17:12:50.652 [python] [INFO] hello
02-11-2020 17:12:50.652 [Gauge] [INFO] # Use ZAP to perform DAST
02-11-2020 17:12:50.653 [Gauge] [INFO] ## Setup ZAP
02-11-2020 17:12:50.655 [Gauge] [DEBUG] * Start ZAP

02-11-2020 17:12:50.668 [python] [INFO] waiting zap to start
02-11-2020 17:12:51.174 [Gauge] [DEBUG] Checking updates...
02-11-2020 17:12:51.175 [Gauge] [DEBUG] Downloading https://downloads.gauge.org/plugin/html-report?l=python&p=html-report,python,screenshot&o=darwin&a=amd64
02-11-2020 17:12:52.747 [Gauge] [DEBUG] Downloading https://downloads.gauge.org/plugin/python?l=python&p=html-report,python,screenshot&o=darwin&a=amd64
02-11-2020 17:12:52.885 [Gauge] [DEBUG] Downloading https://downloads.gauge.org/plugin/screenshot?l=python&p=html-report,python,screenshot&o=darwin&a=amd64
02-11-2020 17:12:55.688 [python] [INFO] <Response [200]>
02-11-2020 17:12:56.210 [python] [INFO] zap is running now
02-11-2020 17:12:56.212 [Gauge] [INFO] ## Login to the application
02-11-2020 17:12:56.214 [Gauge] [DEBUG] * Visit login page
02-11-2020 17:12:58.922 [Gauge] [DEBUG] * Login as user "jing.cai@thoughtworks.com" with password "cj15600680462"

02-11-2020 17:13:00.790 [Gauge] [ERROR] Failed Step: Login as user "jing.cai@thoughtworks.com" with password "cj15600680462"
02-11-2020 17:13:00.790 [Gauge] [ERROR] Error Message: 'method' object is not subscriptable
02-11-2020 17:13:00.790 [Gauge] [ERROR] Specification: specs/juiceshop.spec:9
02-11-2020 17:13:00.790 [Gauge] [ERROR] Stacktrace: 
Traceback (most recent call last):
  File "/Users/jingcai/Library/Python/3.8/lib/python/site-packages/getgauge/executor.py", line 33, in execute_method
    step.impl(*params)
  File "/Users/jingcai/Documents/IdeaProject/securityTrainning/marcia_dynamic_security_test/step_impl/juiceshop_impl.py", line 59, in login
    auth_token = resp_json['authentication']['token']
TypeError: 'method' object is not subscriptable
02-11-2020 17:13:00.791 [Gauge] [INFO] ## Kick off the active scan
02-11-2020 17:13:00.792 [Gauge] [DEBUG] * Perform spider from "https://marcia-dynamic-security-auto.herokuapp.com/login#/"
02-11-2020 17:13:00.806 [Gauge] [DEBUG] * Get spider status
02-11-2020 17:13:00.811 [python] [INFO] spider status is:0
02-11-2020 17:13:01.820 [python] [INFO] spider status is:0
02-11-2020 17:13:02.828 [python] [INFO] spider status is:100
02-11-2020 17:13:03.834 [Gauge] [DEBUG] * Perform zap active scan against "https://marcia-dynamic-security-auto.herokuapp.com/login#/"
02-11-2020 17:13:03.882 [Gauge] [DEBUG] * Get active scan status
02-11-2020 17:13:03.889 [python] [INFO] active scanning 0%!(NOVERB)
02-11-2020 17:13:04.898 [python] [INFO] active scanning 13%!(NOVERB)
02-11-2020 17:13:05.905 [python] [INFO] active scanning 13%!(NOVERB)
02-11-2020 17:13:06.915 [python] [INFO] active scanning 13%!(NOVERB)
02-11-2020 17:13:07.921 [python] [INFO] active scanning 13%!(NOVERB)
02-11-2020 17:13:08.931 [python] [INFO] active scanning 13%!(NOVERB)
02-11-2020 17:13:09.936 [python] [INFO] active scanning 13%!(NOVERB)
02-11-2020 17:13:10.945 [python] [INFO] active scanning 13%!(NOVERB)
02-11-2020 17:13:11.954 [python] [INFO] active scanning 13%!(NOVERB)
02-11-2020 17:13:12.963 [python] [INFO] active scanning 61%!(NOVERB)
02-11-2020 17:13:13.969 [python] [INFO] active scanning 100%!(NOVERB)
02-11-2020 17:13:14.972 [Gauge] [DEBUG] * Get alerts summary
02-11-2020 17:13:14.986 [python] [INFO] Alerts summary: {'High': 0, 'Low': 8, 'Medium': 2, 'Informational': 0}
02-11-2020 17:13:14.987 [Gauge] [DEBUG] * Save scan report to "/Users/jingcai/Documents/IdeaProject/securityTrainning/marcia_dynamic_security_test/juiceshop_report.html"

02-11-2020 17:13:15.176 [python] [INFO] report saved to /Users/jingcai/Documents/IdeaProject/securityTrainning/marcia_dynamic_security_test/juiceshop_report.html
02-11-2020 17:13:15.178 [Gauge] [INFO] ## Shutdown ZAP
02-11-2020 17:13:15.179 [Gauge] [DEBUG] * Shutdown ZAP

02-11-2020 17:13:15.194 [html-report] [DEBUG] Transformed SuiteResult to report structure
02-11-2020 17:13:15.220 [html-report] [INFO] Successfully generated html-report to => /Users/jingcai/Documents/IdeaProject/securityTrainning/marcia_dynamic_security_test/reports/html-report/index.html
02-11-2020 17:13:15.220 [html-report] [DEBUG] Done generating HTML report using theme from /Users/jingcai/.gauge/plugins/html-report/4.0.12/themes/default
02-11-2020 17:13:15.220 [Gauge] [DEBUG] Sending kill message to Html Report plugin.
02-11-2020 17:13:15.222 [python] [DEBUG] KillProcessrequest received
02-11-2020 17:13:15.739 [Gauge] [DEBUG] Runner with PID:8270 has exited
02-11-2020 17:13:15.740 [Gauge] [INFO] Specifications:	1 executed	0 passed	1 failed	0 skipped
02-11-2020 17:13:15.740 [Gauge] [INFO] Scenarios:	4 executed	3 passed	1 failed	0 skipped
02-11-2020 17:13:15.740 [Gauge] [INFO] 
Total time taken: 24.618s
02-11-2020 17:21:19.588 [Gauge] [DEBUG] Created gauge_screenshots_dir at /Users/jingcai/Documents/IdeaProject/securityTrainning/marcia_dynamic_security_test/.gauge/screenshots
02-11-2020 17:21:19.589 [Gauge] [DEBUG] Plugin python is already installed.
02-11-2020 17:21:19.589 [Gauge] [DEBUG] Plugin html-report is already installed.
02-11-2020 17:21:19.589 [Gauge] [DEBUG] Parsing started.
02-11-2020 17:21:19.589 [Gauge] [DEBUG] Started concepts parsing.
02-11-2020 17:21:19.590 [Gauge] [DEBUG] 0 concepts parsing completed.
02-11-2020 17:21:19.590 [Gauge] [DEBUG] Started specifications parsing.
02-11-2020 17:21:19.591 [Gauge] [DEBUG] 1 specifications parsing completed.
02-11-2020 17:21:19.591 [Gauge] [DEBUG] Parsing completed.
02-11-2020 17:21:20.108 [python] [INFO] Python: 3.8.2
02-11-2020 17:21:20.108 [python] [DEBUG] Loading step implementations from /Users/jingcai/Documents/IdeaProject/securityTrainning/marcia_dynamic_security_test/step_impl dirs.
02-11-2020 17:21:20.124 [python] [DEBUG] Starting grpc server..
02-11-2020 17:21:20.128 [Gauge] [DEBUG] Attempting to connect to grpc server at port: 60193
02-11-2020 17:21:20.129 [Gauge] [DEBUG] Successfully made the connection with runner with port: 60193
02-11-2020 17:21:20.129 [Gauge] [DEBUG] Validation started.
02-11-2020 17:21:20.134 [Gauge] [DEBUG] Validation completed.
02-11-2020 17:21:20.134 [Gauge] [DEBUG] Run started
02-11-2020 17:21:20.135 [Gauge] [DEBUG] Starting Html Report plugin
02-11-2020 17:21:20.146 [Gauge] [DEBUG] Attempting to connect to grpc server at port: 60198
02-11-2020 17:21:20.146 [Gauge] [DEBUG] Successfully made the connection with plugin with port: 60198
02-11-2020 17:21:20.146 [Gauge] [DEBUG] Initialising suite data store.
02-11-2020 17:21:20.150 [python] [INFO] ['a', 'b', 'c']
02-11-2020 17:21:20.219 [python] [INFO] hello
02-11-2020 17:21:20.220 [Gauge] [INFO] # Use ZAP to perform DAST
02-11-2020 17:21:20.221 [Gauge] [INFO] ## Setup ZAP
02-11-2020 17:21:20.222 [Gauge] [DEBUG] * Start ZAP

02-11-2020 17:21:20.251 [python] [INFO] waiting zap to start
02-11-2020 17:21:21.202 [Gauge] [DEBUG] Checking updates...
02-11-2020 17:21:21.203 [Gauge] [DEBUG] Downloading https://downloads.gauge.org/plugin/html-report?l=python&p=html-report,python,screenshot&o=darwin&a=amd64
02-11-2020 17:21:21.792 [Gauge] [DEBUG] Downloading https://downloads.gauge.org/plugin/python?l=python&p=html-report,python,screenshot&o=darwin&a=amd64
02-11-2020 17:21:21.953 [Gauge] [DEBUG] Downloading https://downloads.gauge.org/plugin/screenshot?l=python&p=html-report,python,screenshot&o=darwin&a=amd64
02-11-2020 17:21:25.275 [python] [INFO] <Response [200]>
02-11-2020 17:21:25.699 [python] [INFO] zap is running now
02-11-2020 17:21:25.701 [Gauge] [INFO] ## Login to the application
02-11-2020 17:21:25.702 [Gauge] [DEBUG] * Visit login page
02-11-2020 17:21:27.312 [Gauge] [DEBUG] * Login as user "jing.cai@thoughtworks.com" with password "cj15600680462#"

02-11-2020 17:21:28.807 [Gauge] [ERROR] Failed Step: Login as user "jing.cai@thoughtworks.com" with password "cj15600680462#"
02-11-2020 17:21:28.807 [Gauge] [ERROR] Error Message: 'method' object is not subscriptable
02-11-2020 17:21:28.807 [Gauge] [ERROR] Specification: specs/juiceshop.spec:9
02-11-2020 17:21:28.807 [Gauge] [ERROR] Stacktrace: 
Traceback (most recent call last):
  File "/Users/jingcai/Library/Python/3.8/lib/python/site-packages/getgauge/executor.py", line 33, in execute_method
    step.impl(*params)
  File "/Users/jingcai/Documents/IdeaProject/securityTrainning/marcia_dynamic_security_test/step_impl/juiceshop_impl.py", line 59, in login
    auth_token = resp_json['authentication']['token']
TypeError: 'method' object is not subscriptable
02-11-2020 17:21:28.808 [Gauge] [INFO] ## Kick off the active scan
02-11-2020 17:21:28.809 [Gauge] [DEBUG] * Perform spider from "https://marcia-dynamic-security-auto.herokuapp.com/login#/"
02-11-2020 17:21:28.821 [Gauge] [DEBUG] * Get spider status
02-11-2020 17:21:28.826 [python] [INFO] spider status is:0
02-11-2020 17:21:29.833 [python] [INFO] spider status is:0
02-11-2020 17:21:30.839 [python] [INFO] spider status is:100
02-11-2020 17:21:31.844 [Gauge] [DEBUG] * Perform zap active scan against "https://marcia-dynamic-security-auto.herokuapp.com/login#/"
02-11-2020 17:21:31.885 [Gauge] [DEBUG] * Get active scan status
02-11-2020 17:21:31.892 [python] [INFO] active scanning 0%!(NOVERB)
02-11-2020 17:21:32.899 [python] [INFO] active scanning 13%!(NOVERB)
02-11-2020 17:21:33.910 [python] [INFO] active scanning 13%!(NOVERB)
02-11-2020 17:21:34.919 [python] [INFO] active scanning 13%!(NOVERB)
02-11-2020 17:21:35.928 [python] [INFO] active scanning 13%!(NOVERB)
02-11-2020 17:21:36.934 [python] [INFO] active scanning 13%!(NOVERB)
02-11-2020 17:21:37.941 [python] [INFO] active scanning 13%!(NOVERB)
02-11-2020 17:21:38.951 [python] [INFO] active scanning 33%!(NOVERB)
02-11-2020 17:21:39.960 [python] [INFO] active scanning 100%!(NOVERB)
02-11-2020 17:21:40.963 [Gauge] [DEBUG] * Get alerts summary
02-11-2020 17:21:40.975 [python] [INFO] Alerts summary: {'High': 0, 'Low': 8, 'Medium': 2, 'Informational': 0}
02-11-2020 17:21:40.976 [Gauge] [DEBUG] * Save scan report to "/Users/jingcai/Documents/IdeaProject/securityTrainning/marcia_dynamic_security_test/juiceshop_report.html"

02-11-2020 17:21:41.103 [python] [INFO] report saved to /Users/jingcai/Documents/IdeaProject/securityTrainning/marcia_dynamic_security_test/juiceshop_report.html
02-11-2020 17:21:41.104 [Gauge] [INFO] ## Shutdown ZAP
02-11-2020 17:21:41.106 [Gauge] [DEBUG] * Shutdown ZAP

02-11-2020 17:21:41.114 [html-report] [DEBUG] Transformed SuiteResult to report structure
02-11-2020 17:21:41.125 [html-report] [INFO] Successfully generated html-report to => /Users/jingcai/Documents/IdeaProject/securityTrainning/marcia_dynamic_security_test/reports/html-report/index.html
02-11-2020 17:21:41.125 [html-report] [DEBUG] Done generating HTML report using theme from /Users/jingcai/.gauge/plugins/html-report/4.0.12/themes/default
02-11-2020 17:21:41.125 [Gauge] [DEBUG] Sending kill message to Html Report plugin.
02-11-2020 17:21:41.126 [python] [DEBUG] KillProcessrequest received
02-11-2020 17:21:41.735 [Gauge] [DEBUG] Runner with PID:8353 has exited
02-11-2020 17:21:41.735 [Gauge] [INFO] Specifications:	1 executed	0 passed	1 failed	0 skipped
02-11-2020 17:21:41.735 [Gauge] [INFO] Scenarios:	4 executed	3 passed	1 failed	0 skipped
02-11-2020 17:21:41.735 [Gauge] [INFO] 
Total time taken: 20.979s
02-11-2020 17:26:14.114 [Gauge] [DEBUG] Created gauge_screenshots_dir at /Users/jingcai/Documents/IdeaProject/securityTrainning/marcia_dynamic_security_test/.gauge/screenshots
02-11-2020 17:26:14.114 [Gauge] [DEBUG] Plugin html-report is already installed.
02-11-2020 17:26:14.114 [Gauge] [DEBUG] Plugin python is already installed.
02-11-2020 17:26:14.115 [Gauge] [DEBUG] Parsing started.
02-11-2020 17:26:14.115 [Gauge] [DEBUG] Started concepts parsing.
02-11-2020 17:26:14.115 [Gauge] [DEBUG] 0 concepts parsing completed.
02-11-2020 17:26:14.115 [Gauge] [DEBUG] Started specifications parsing.
02-11-2020 17:26:14.116 [Gauge] [DEBUG] 1 specifications parsing completed.
02-11-2020 17:26:14.116 [Gauge] [DEBUG] Parsing completed.
02-11-2020 17:26:14.637 [python] [INFO] Python: 3.8.2
02-11-2020 17:26:14.637 [python] [DEBUG] Loading step implementations from /Users/jingcai/Documents/IdeaProject/securityTrainning/marcia_dynamic_security_test/step_impl dirs.
02-11-2020 17:26:14.651 [python] [DEBUG] Starting grpc server..
02-11-2020 17:26:14.654 [Gauge] [DEBUG] Attempting to connect to grpc server at port: 60284
02-11-2020 17:26:14.656 [Gauge] [DEBUG] Successfully made the connection with runner with port: 60284
02-11-2020 17:26:14.656 [Gauge] [DEBUG] Validation started.
02-11-2020 17:26:14.663 [Gauge] [DEBUG] Validation completed.
02-11-2020 17:26:14.663 [Gauge] [DEBUG] Run started
02-11-2020 17:26:14.664 [Gauge] [DEBUG] Starting Html Report plugin
02-11-2020 17:26:14.674 [Gauge] [DEBUG] Attempting to connect to grpc server at port: 60289
02-11-2020 17:26:14.675 [Gauge] [DEBUG] Successfully made the connection with plugin with port: 60289
02-11-2020 17:26:14.675 [Gauge] [DEBUG] Initialising suite data store.
02-11-2020 17:26:14.678 [python] [INFO] ['a', 'b', 'c']
02-11-2020 17:26:14.744 [python] [INFO] hello
02-11-2020 17:26:14.744 [Gauge] [INFO] # Use ZAP to perform DAST
02-11-2020 17:26:14.745 [Gauge] [INFO] ## Setup ZAP
02-11-2020 17:26:14.747 [Gauge] [DEBUG] * Start ZAP

02-11-2020 17:26:14.760 [python] [INFO] waiting zap to start
02-11-2020 17:26:15.194 [Gauge] [DEBUG] Checking updates...
02-11-2020 17:26:15.195 [Gauge] [DEBUG] Downloading https://downloads.gauge.org/plugin/html-report?l=python&p=html-report,python,screenshot&o=darwin&a=amd64
02-11-2020 17:26:15.574 [Gauge] [DEBUG] Downloading https://downloads.gauge.org/plugin/python?l=python&p=html-report,python,screenshot&o=darwin&a=amd64
02-11-2020 17:26:15.708 [Gauge] [DEBUG] Downloading https://downloads.gauge.org/plugin/screenshot?l=python&p=html-report,python,screenshot&o=darwin&a=amd64
02-11-2020 17:26:19.780 [python] [INFO] <Response [200]>
02-11-2020 17:26:20.206 [python] [INFO] zap is running now
02-11-2020 17:26:20.208 [Gauge] [INFO] ## Login to the application
02-11-2020 17:26:20.210 [Gauge] [DEBUG] * Visit login page
02-11-2020 17:26:22.204 [Gauge] [DEBUG] * Login as user "jing.cai@thoughtworks.com" with password "cj15600680462#"

02-11-2020 17:26:23.730 [python] [INFO] <bound method Response.json of <Response [200]>>
02-11-2020 17:26:23.909 [Gauge] [ERROR] Failed Step: Login as user "jing.cai@thoughtworks.com" with password "cj15600680462#"
02-11-2020 17:26:23.909 [Gauge] [ERROR] Error Message: 'method' object is not subscriptable
02-11-2020 17:26:23.910 [Gauge] [ERROR] Specification: specs/juiceshop.spec:9
02-11-2020 17:26:23.910 [Gauge] [ERROR] Stacktrace: 
Traceback (most recent call last):
  File "/Users/jingcai/Library/Python/3.8/lib/python/site-packages/getgauge/executor.py", line 33, in execute_method
    step.impl(*params)
  File "/Users/jingcai/Documents/IdeaProject/securityTrainning/marcia_dynamic_security_test/step_impl/juiceshop_impl.py", line 60, in login
    auth_token = resp_json['authentication']['token']
TypeError: 'method' object is not subscriptable
02-11-2020 17:26:23.910 [Gauge] [INFO] ## Kick off the active scan
02-11-2020 17:26:23.911 [Gauge] [DEBUG] * Perform spider from "https://marcia-dynamic-security-auto.herokuapp.com/login#/"
02-11-2020 17:26:23.923 [Gauge] [DEBUG] * Get spider status
02-11-2020 17:26:23.928 [python] [INFO] spider status is:0
02-11-2020 17:26:24.937 [python] [INFO] spider status is:0
02-11-2020 17:26:25.945 [python] [INFO] spider status is:100
02-11-2020 17:26:26.948 [Gauge] [DEBUG] * Perform zap active scan against "https://marcia-dynamic-security-auto.herokuapp.com/login#/"
02-11-2020 17:26:26.990 [Gauge] [DEBUG] * Get active scan status
02-11-2020 17:26:26.996 [python] [INFO] active scanning 0%!(NOVERB)
02-11-2020 17:26:28.007 [python] [INFO] active scanning 13%!(NOVERB)
02-11-2020 17:26:29.016 [python] [INFO] active scanning 13%!(NOVERB)
02-11-2020 17:26:30.022 [python] [INFO] active scanning 13%!(NOVERB)
02-11-2020 17:26:31.031 [python] [INFO] active scanning 13%!(NOVERB)
02-11-2020 17:26:32.039 [python] [INFO] active scanning 13%!(NOVERB)
02-11-2020 17:26:33.049 [python] [INFO] active scanning 13%!(NOVERB)
02-11-2020 17:26:34.059 [python] [INFO] active scanning 13%!(NOVERB)
02-11-2020 17:26:35.068 [python] [INFO] active scanning 100%!(NOVERB)
02-11-2020 17:26:36.073 [Gauge] [DEBUG] * Get alerts summary
02-11-2020 17:26:36.085 [python] [INFO] Alerts summary: {'High': 0, 'Low': 8, 'Medium': 2, 'Informational': 0}
02-11-2020 17:26:36.086 [Gauge] [DEBUG] * Save scan report to "/Users/jingcai/Documents/IdeaProject/securityTrainning/marcia_dynamic_security_test/juiceshop_report.html"

02-11-2020 17:26:36.215 [python] [INFO] report saved to /Users/jingcai/Documents/IdeaProject/securityTrainning/marcia_dynamic_security_test/juiceshop_report.html
02-11-2020 17:26:36.217 [Gauge] [INFO] ## Shutdown ZAP
02-11-2020 17:26:36.218 [Gauge] [DEBUG] * Shutdown ZAP

02-11-2020 17:26:36.227 [html-report] [DEBUG] Transformed SuiteResult to report structure
02-11-2020 17:26:36.238 [html-report] [INFO] Successfully generated html-report to => /Users/jingcai/Documents/IdeaProject/securityTrainning/marcia_dynamic_security_test/reports/html-report/index.html
02-11-2020 17:26:36.238 [html-report] [DEBUG] Done generating HTML report using theme from /Users/jingcai/.gauge/plugins/html-report/4.0.12/themes/default
02-11-2020 17:26:36.238 [Gauge] [DEBUG] Sending kill message to Html Report plugin.
02-11-2020 17:26:36.239 [python] [DEBUG] KillProcessrequest received
02-11-2020 17:26:36.751 [Gauge] [DEBUG] Runner with PID:8407 has exited
02-11-2020 17:26:36.752 [Gauge] [INFO] Specifications:	1 executed	0 passed	1 failed	0 skipped
02-11-2020 17:26:36.752 [Gauge] [INFO] Scenarios:	4 executed	3 passed	1 failed	0 skipped
02-11-2020 17:26:36.752 [Gauge] [INFO] 
Total time taken: 21.562s
02-11-2020 17:27:16.737 [Gauge] [DEBUG] Created gauge_screenshots_dir at /Users/jingcai/Documents/IdeaProject/securityTrainning/marcia_dynamic_security_test/.gauge/screenshots
02-11-2020 17:27:16.737 [Gauge] [DEBUG] Plugin python is already installed.
02-11-2020 17:27:16.737 [Gauge] [DEBUG] Plugin html-report is already installed.
02-11-2020 17:27:16.738 [Gauge] [DEBUG] Parsing started.
02-11-2020 17:27:16.738 [Gauge] [DEBUG] Started concepts parsing.
02-11-2020 17:27:16.738 [Gauge] [DEBUG] 0 concepts parsing completed.
02-11-2020 17:27:16.738 [Gauge] [DEBUG] Started specifications parsing.
02-11-2020 17:27:16.739 [Gauge] [DEBUG] 1 specifications parsing completed.
02-11-2020 17:27:16.739 [Gauge] [DEBUG] Parsing completed.
02-11-2020 17:27:17.250 [python] [INFO] Python: 3.8.2
02-11-2020 17:27:17.250 [python] [DEBUG] Loading step implementations from /Users/jingcai/Documents/IdeaProject/securityTrainning/marcia_dynamic_security_test/step_impl dirs.
02-11-2020 17:27:17.264 [python] [DEBUG] Starting grpc server..
02-11-2020 17:27:17.267 [Gauge] [DEBUG] Attempting to connect to grpc server at port: 60336
02-11-2020 17:27:17.269 [Gauge] [DEBUG] Successfully made the connection with runner with port: 60336
02-11-2020 17:27:17.269 [Gauge] [DEBUG] Validation started.
02-11-2020 17:27:17.272 [Gauge] [DEBUG] Validation completed.
02-11-2020 17:27:17.272 [Gauge] [DEBUG] Run started
02-11-2020 17:27:17.273 [Gauge] [DEBUG] Starting Html Report plugin
02-11-2020 17:27:17.282 [Gauge] [DEBUG] Attempting to connect to grpc server at port: 60341
02-11-2020 17:27:17.282 [Gauge] [DEBUG] Successfully made the connection with plugin with port: 60341
02-11-2020 17:27:17.283 [Gauge] [DEBUG] Initialising suite data store.
02-11-2020 17:27:17.285 [python] [INFO] ['a', 'b', 'c']
02-11-2020 17:27:17.349 [python] [INFO] hello
02-11-2020 17:27:17.350 [Gauge] [INFO] # Use ZAP to perform DAST
02-11-2020 17:27:17.352 [Gauge] [INFO] ## Setup ZAP
02-11-2020 17:27:17.353 [Gauge] [DEBUG] * Start ZAP

02-11-2020 17:27:17.368 [python] [INFO] waiting zap to start
02-11-2020 17:27:17.814 [Gauge] [DEBUG] Checking updates...
02-11-2020 17:27:17.815 [Gauge] [DEBUG] Downloading https://downloads.gauge.org/plugin/html-report?l=python&p=html-report,python,screenshot&o=darwin&a=amd64
02-11-2020 17:27:18.154 [Gauge] [DEBUG] Downloading https://downloads.gauge.org/plugin/python?l=python&p=html-report,python,screenshot&o=darwin&a=amd64
02-11-2020 17:27:18.268 [Gauge] [DEBUG] Downloading https://downloads.gauge.org/plugin/screenshot?l=python&p=html-report,python,screenshot&o=darwin&a=amd64
02-11-2020 17:27:22.392 [python] [INFO] <Response [200]>
02-11-2020 17:27:22.821 [python] [INFO] zap is running now
02-11-2020 17:27:22.824 [Gauge] [INFO] ## Login to the application
02-11-2020 17:27:22.825 [Gauge] [DEBUG] * Visit login page
02-11-2020 17:27:24.361 [Gauge] [DEBUG] * Login as user "jing.cai@thoughtworks.com" with password "cj15600680462#"

02-11-2020 17:27:25.676 [python] [INFO] <bound method Response.json of <Response [200]>>
02-11-2020 17:27:25.678 [Gauge] [INFO] ## Kick off the active scan
02-11-2020 17:27:25.680 [Gauge] [DEBUG] * Perform spider from "https://marcia-dynamic-security-auto.herokuapp.com/login#/"
02-11-2020 17:27:25.693 [Gauge] [DEBUG] * Get spider status
02-11-2020 17:27:25.699 [python] [INFO] spider status is:0
02-11-2020 17:27:26.709 [python] [INFO] spider status is:0
02-11-2020 17:27:27.719 [python] [INFO] spider status is:100
02-11-2020 17:27:28.724 [Gauge] [DEBUG] * Perform zap active scan against "https://marcia-dynamic-security-auto.herokuapp.com/login#/"
02-11-2020 17:27:28.764 [Gauge] [DEBUG] * Get active scan status
02-11-2020 17:27:28.771 [python] [INFO] active scanning 0%!(NOVERB)
02-11-2020 17:27:29.779 [python] [INFO] active scanning 13%!(NOVERB)
02-11-2020 17:27:30.790 [python] [INFO] active scanning 13%!(NOVERB)
02-11-2020 17:27:31.801 [python] [INFO] active scanning 13%!(NOVERB)
02-11-2020 17:27:32.807 [python] [INFO] active scanning 13%!(NOVERB)
02-11-2020 17:27:33.815 [python] [INFO] active scanning 13%!(NOVERB)
02-11-2020 17:27:34.823 [python] [INFO] active scanning 13%!(NOVERB)
02-11-2020 17:27:35.832 [python] [INFO] active scanning 13%!(NOVERB)
02-11-2020 17:27:36.841 [python] [INFO] active scanning 13%!(NOVERB)
02-11-2020 17:27:37.846 [python] [INFO] active scanning 61%!(NOVERB)
02-11-2020 17:27:38.853 [python] [INFO] active scanning 100%!(NOVERB)
02-11-2020 17:27:39.856 [Gauge] [DEBUG] * Get alerts summary
02-11-2020 17:27:39.869 [python] [INFO] Alerts summary: {'High': 0, 'Low': 8, 'Medium': 2, 'Informational': 0}
02-11-2020 17:27:39.870 [Gauge] [DEBUG] * Save scan report to "/Users/jingcai/Documents/IdeaProject/securityTrainning/marcia_dynamic_security_test/juiceshop_report.html"

02-11-2020 17:27:39.993 [python] [INFO] report saved to /Users/jingcai/Documents/IdeaProject/securityTrainning/marcia_dynamic_security_test/juiceshop_report.html
02-11-2020 17:27:39.995 [Gauge] [INFO] ## Shutdown ZAP
02-11-2020 17:27:39.996 [Gauge] [DEBUG] * Shutdown ZAP

02-11-2020 17:27:40.005 [html-report] [DEBUG] Transformed SuiteResult to report structure
02-11-2020 17:27:40.015 [html-report] [INFO] Successfully generated html-report to => /Users/jingcai/Documents/IdeaProject/securityTrainning/marcia_dynamic_security_test/reports/html-report/index.html
02-11-2020 17:27:40.015 [html-report] [DEBUG] Done generating HTML report using theme from /Users/jingcai/.gauge/plugins/html-report/4.0.12/themes/default
02-11-2020 17:27:40.015 [Gauge] [DEBUG] Sending kill message to Html Report plugin.
02-11-2020 17:27:40.016 [python] [DEBUG] KillProcessrequest received
02-11-2020 17:27:40.631 [Gauge] [DEBUG] Runner with PID:8444 has exited
02-11-2020 17:27:40.631 [Gauge] [INFO] Specifications:	1 executed	1 passed	0 failed	0 skipped
02-11-2020 17:27:40.631 [Gauge] [INFO] Scenarios:	4 executed	4 passed	0 failed	0 skipped
02-11-2020 17:27:40.631 [Gauge] [INFO] 
Total time taken: 22.731s
02-11-2020 17:28:33.472 [Gauge] [DEBUG] Created gauge_screenshots_dir at /Users/jingcai/Documents/IdeaProject/securityTrainning/marcia_dynamic_security_test/.gauge/screenshots
02-11-2020 17:28:33.473 [Gauge] [DEBUG] Plugin python is already installed.
02-11-2020 17:28:33.473 [Gauge] [DEBUG] Plugin html-report is already installed.
02-11-2020 17:28:33.473 [Gauge] [DEBUG] Parsing started.
02-11-2020 17:28:33.473 [Gauge] [DEBUG] Started concepts parsing.
02-11-2020 17:28:33.474 [Gauge] [DEBUG] 0 concepts parsing completed.
02-11-2020 17:28:33.474 [Gauge] [DEBUG] Started specifications parsing.
02-11-2020 17:28:33.474 [Gauge] [DEBUG] 1 specifications parsing completed.
02-11-2020 17:28:33.474 [Gauge] [DEBUG] Parsing completed.
02-11-2020 17:28:33.979 [python] [INFO] Python: 3.8.2
02-11-2020 17:28:33.979 [python] [DEBUG] Loading step implementations from /Users/jingcai/Documents/IdeaProject/securityTrainning/marcia_dynamic_security_test/step_impl dirs.
02-11-2020 17:28:33.995 [python] [DEBUG] Starting grpc server..
02-11-2020 17:28:33.998 [Gauge] [DEBUG] Attempting to connect to grpc server at port: 60395
02-11-2020 17:28:33.999 [Gauge] [DEBUG] Successfully made the connection with runner with port: 60395
02-11-2020 17:28:33.999 [Gauge] [DEBUG] Validation started.
02-11-2020 17:28:34.004 [Gauge] [DEBUG] Validation completed.
02-11-2020 17:28:34.004 [Gauge] [DEBUG] Run started
02-11-2020 17:28:34.005 [Gauge] [DEBUG] Starting Html Report plugin
02-11-2020 17:28:34.013 [Gauge] [DEBUG] Attempting to connect to grpc server at port: 60400
02-11-2020 17:28:34.014 [Gauge] [DEBUG] Successfully made the connection with plugin with port: 60400
02-11-2020 17:28:34.014 [Gauge] [DEBUG] Initialising suite data store.
02-11-2020 17:28:34.016 [python] [INFO] ['a', 'b', 'c']
02-11-2020 17:28:34.082 [python] [INFO] hello
02-11-2020 17:28:34.082 [Gauge] [INFO] # Use ZAP to perform DAST
02-11-2020 17:28:34.083 [Gauge] [INFO] ## Setup ZAP
02-11-2020 17:28:34.084 [Gauge] [DEBUG] * Start ZAP

02-11-2020 17:28:34.098 [python] [INFO] waiting zap to start
02-11-2020 17:28:34.561 [Gauge] [DEBUG] Checking updates...
02-11-2020 17:28:34.561 [Gauge] [DEBUG] Downloading https://downloads.gauge.org/plugin/html-report?l=python&p=html-report,python,screenshot&o=darwin&a=amd64
02-11-2020 17:28:34.921 [Gauge] [DEBUG] Downloading https://downloads.gauge.org/plugin/python?l=python&p=html-report,python,screenshot&o=darwin&a=amd64
02-11-2020 17:28:35.040 [Gauge] [DEBUG] Downloading https://downloads.gauge.org/plugin/screenshot?l=python&p=html-report,python,screenshot&o=darwin&a=amd64
02-11-2020 17:28:39.118 [python] [INFO] <Response [200]>
02-11-2020 17:28:39.556 [python] [INFO] zap is running now
02-11-2020 17:28:39.558 [Gauge] [INFO] ## Login to the application
02-11-2020 17:28:39.560 [Gauge] [DEBUG] * Visit login page
02-11-2020 17:28:41.167 [Gauge] [DEBUG] * Login as user "jing.cai@thoughtworks.com" with password "cj15600680462#"

02-11-2020 17:28:42.517 [python] [INFO] <bound method Response.json of <Response [200]>>
02-11-2020 17:28:42.517 [python] [INFO] <bound method Response.json of <Response [200]>>
02-11-2020 17:28:42.519 [Gauge] [INFO] ## Kick off the active scan
02-11-2020 17:28:42.521 [Gauge] [DEBUG] * Perform spider from "https://marcia-dynamic-security-auto.herokuapp.com/login#/"
02-11-2020 17:28:42.534 [Gauge] [DEBUG] * Get spider status
02-11-2020 17:28:42.540 [python] [INFO] spider status is:0
02-11-2020 17:28:43.547 [python] [INFO] spider status is:0
02-11-2020 17:28:44.553 [python] [INFO] spider status is:100
02-11-2020 17:28:45.560 [Gauge] [DEBUG] * Perform zap active scan against "https://marcia-dynamic-security-auto.herokuapp.com/login#/"
02-11-2020 17:28:45.599 [Gauge] [DEBUG] * Get active scan status
02-11-2020 17:28:45.605 [python] [INFO] active scanning 0%!(NOVERB)
02-11-2020 17:28:46.611 [python] [INFO] active scanning 13%!(NOVERB)
02-11-2020 17:28:47.623 [python] [INFO] active scanning 13%!(NOVERB)
02-11-2020 17:28:48.629 [python] [INFO] active scanning 13%!(NOVERB)
02-11-2020 17:28:49.638 [python] [INFO] active scanning 13%!(NOVERB)
02-11-2020 17:28:50.644 [python] [INFO] active scanning 13%!(NOVERB)
02-11-2020 17:28:51.650 [python] [INFO] active scanning 13%!(NOVERB)
02-11-2020 17:28:52.660 [python] [INFO] active scanning 61%!(NOVERB)
02-11-2020 17:28:53.668 [python] [INFO] active scanning 100%!(NOVERB)
02-11-2020 17:28:54.670 [Gauge] [DEBUG] * Get alerts summary
02-11-2020 17:28:54.681 [python] [INFO] Alerts summary: {'High': 0, 'Low': 8, 'Medium': 2, 'Informational': 0}
02-11-2020 17:28:54.682 [Gauge] [DEBUG] * Save scan report to "/Users/jingcai/Documents/IdeaProject/securityTrainning/marcia_dynamic_security_test/juiceshop_report.html"

02-11-2020 17:28:54.804 [python] [INFO] report saved to /Users/jingcai/Documents/IdeaProject/securityTrainning/marcia_dynamic_security_test/juiceshop_report.html
02-11-2020 17:28:54.806 [Gauge] [INFO] ## Shutdown ZAP
02-11-2020 17:28:54.807 [Gauge] [DEBUG] * Shutdown ZAP

02-11-2020 17:28:54.816 [html-report] [DEBUG] Transformed SuiteResult to report structure
02-11-2020 17:28:54.825 [html-report] [INFO] Successfully generated html-report to => /Users/jingcai/Documents/IdeaProject/securityTrainning/marcia_dynamic_security_test/reports/html-report/index.html
02-11-2020 17:28:54.825 [html-report] [DEBUG] Done generating HTML report using theme from /Users/jingcai/.gauge/plugins/html-report/4.0.12/themes/default
02-11-2020 17:28:54.825 [Gauge] [DEBUG] Sending kill message to Html Report plugin.
02-11-2020 17:28:54.826 [python] [DEBUG] KillProcessrequest received
02-11-2020 17:28:55.341 [Gauge] [DEBUG] Runner with PID:8491 has exited
02-11-2020 17:28:55.341 [Gauge] [INFO] Specifications:	1 executed	1 passed	0 failed	0 skipped
02-11-2020 17:28:55.341 [Gauge] [INFO] Scenarios:	4 executed	4 passed	0 failed	0 skipped
02-11-2020 17:28:55.341 [Gauge] [INFO] 
Total time taken: 20.811s
02-11-2020 17:35:02.656 [Gauge] [DEBUG] Created gauge_screenshots_dir at /Users/jingcai/Documents/IdeaProject/securityTrainning/marcia_dynamic_security_test/.gauge/screenshots
02-11-2020 17:35:02.657 [Gauge] [DEBUG] Plugin python is already installed.
02-11-2020 17:35:02.658 [Gauge] [DEBUG] Plugin html-report is already installed.
02-11-2020 17:35:02.658 [Gauge] [DEBUG] Parsing started.
02-11-2020 17:35:02.658 [Gauge] [DEBUG] Started concepts parsing.
02-11-2020 17:35:02.659 [Gauge] [DEBUG] 0 concepts parsing completed.
02-11-2020 17:35:02.659 [Gauge] [DEBUG] Started specifications parsing.
02-11-2020 17:35:02.659 [Gauge] [DEBUG] 1 specifications parsing completed.
02-11-2020 17:35:02.659 [Gauge] [DEBUG] Parsing completed.
02-11-2020 17:35:03.311 [python] [INFO] Python: 3.8.2
02-11-2020 17:35:03.311 [python] [DEBUG] Loading step implementations from /Users/jingcai/Documents/IdeaProject/securityTrainning/marcia_dynamic_security_test/step_impl dirs.
02-11-2020 17:35:03.325 [python] [DEBUG] Starting grpc server..
02-11-2020 17:35:03.330 [Gauge] [DEBUG] Attempting to connect to grpc server at port: 61568
02-11-2020 17:35:03.331 [Gauge] [DEBUG] Successfully made the connection with runner with port: 61568
02-11-2020 17:35:03.331 [Gauge] [DEBUG] Validation started.
02-11-2020 17:35:03.336 [Gauge] [DEBUG] Validation completed.
02-11-2020 17:35:03.336 [Gauge] [DEBUG] Run started
02-11-2020 17:35:03.338 [Gauge] [DEBUG] Starting Html Report plugin
02-11-2020 17:35:03.392 [Gauge] [DEBUG] Attempting to connect to grpc server at port: 61573
02-11-2020 17:35:03.393 [Gauge] [DEBUG] Successfully made the connection with plugin with port: 61573
02-11-2020 17:35:03.393 [Gauge] [DEBUG] Initialising suite data store.
02-11-2020 17:35:03.401 [python] [INFO] ['a', 'b', 'c']
02-11-2020 17:35:03.509 [python] [INFO] hello
02-11-2020 17:35:03.510 [Gauge] [INFO] # Use ZAP to perform DAST
02-11-2020 17:35:03.512 [Gauge] [INFO] ## Setup ZAP
02-11-2020 17:35:03.514 [Gauge] [DEBUG] * Start ZAP

02-11-2020 17:35:03.527 [python] [INFO] waiting zap to start
02-11-2020 17:35:03.804 [Gauge] [DEBUG] Checking updates...
02-11-2020 17:35:03.804 [Gauge] [DEBUG] Downloading https://downloads.gauge.org/plugin/html-report?l=python&p=html-report,python,screenshot&o=darwin&a=amd64
02-11-2020 17:35:04.497 [Gauge] [DEBUG] Downloading https://downloads.gauge.org/plugin/python?l=python&p=html-report,python,screenshot&o=darwin&a=amd64
02-11-2020 17:35:04.644 [Gauge] [DEBUG] Downloading https://downloads.gauge.org/plugin/screenshot?l=python&p=html-report,python,screenshot&o=darwin&a=amd64
02-11-2020 17:35:08.556 [python] [INFO] <Response [200]>
02-11-2020 17:35:09.010 [python] [INFO] zap is running now
02-11-2020 17:35:09.012 [Gauge] [INFO] ## Login to the application
02-11-2020 17:35:09.014 [Gauge] [DEBUG] * Visit login page
02-11-2020 17:35:10.943 [Gauge] [DEBUG] * Login as user "jing.cai@thoughtworks.com" with password "cj15600680462#"

02-11-2020 17:35:12.323 [python] [INFO] <bound method Response.json of <Response [200]>>
02-11-2020 17:35:12.323 [python] [INFO] <bound method Response.json of <Response [200]>>
02-11-2020 17:35:12.325 [Gauge] [INFO] ## Kick off the active scan
02-11-2020 17:35:12.327 [Gauge] [DEBUG] * Perform spider from "https://marcia-dynamic-security-auto.herokuapp.com/login#/"
02-11-2020 17:35:12.341 [Gauge] [DEBUG] * Get spider status
02-11-2020 17:35:12.348 [python] [INFO] spider status is:0
02-11-2020 17:35:13.359 [python] [INFO] spider status is:0
02-11-2020 17:35:14.367 [python] [INFO] spider status is:100
02-11-2020 17:35:15.374 [Gauge] [DEBUG] * Perform zap active scan against "https://marcia-dynamic-security-auto.herokuapp.com/login#/"
02-11-2020 17:35:15.420 [Gauge] [DEBUG] * Get active scan status
02-11-2020 17:35:15.427 [python] [INFO] active scanning 0%!(NOVERB)
02-11-2020 17:35:16.434 [python] [INFO] active scanning 13%!(NOVERB)
02-11-2020 17:35:17.445 [python] [INFO] active scanning 13%!(NOVERB)
02-11-2020 17:35:18.456 [python] [INFO] active scanning 13%!(NOVERB)
02-11-2020 17:35:19.467 [python] [INFO] active scanning 13%!(NOVERB)
02-11-2020 17:35:20.474 [python] [INFO] active scanning 13%!(NOVERB)
02-11-2020 17:35:21.484 [python] [INFO] active scanning 13%!(NOVERB)
02-11-2020 17:35:22.494 [python] [INFO] active scanning 61%!(NOVERB)
02-11-2020 17:35:23.500 [python] [INFO] active scanning 100%!(NOVERB)
02-11-2020 17:35:24.507 [Gauge] [DEBUG] * Get alerts summary
02-11-2020 17:35:24.518 [python] [INFO] Alerts summary: {'High': 0, 'Low': 8, 'Medium': 2, 'Informational': 0}
02-11-2020 17:35:24.519 [Gauge] [DEBUG] * Save scan report to "/Users/jingcai/Documents/IdeaProject/securityTrainning/marcia_dynamic_security_test/juiceshop_report.html"

02-11-2020 17:35:24.704 [python] [INFO] report saved to /Users/jingcai/Documents/IdeaProject/securityTrainning/marcia_dynamic_security_test/juiceshop_report.html
02-11-2020 17:35:24.706 [Gauge] [INFO] ## Shutdown ZAP
02-11-2020 17:35:24.707 [Gauge] [DEBUG] * Shutdown ZAP

02-11-2020 17:35:24.719 [html-report] [DEBUG] Transformed SuiteResult to report structure
02-11-2020 17:35:24.731 [html-report] [INFO] Successfully generated html-report to => /Users/jingcai/Documents/IdeaProject/securityTrainning/marcia_dynamic_security_test/reports/html-report/index.html
02-11-2020 17:35:24.732 [html-report] [DEBUG] Done generating HTML report using theme from /Users/jingcai/.gauge/plugins/html-report/4.0.12/themes/default
02-11-2020 17:35:24.732 [Gauge] [DEBUG] Sending kill message to Html Report plugin.
02-11-2020 17:35:24.733 [python] [DEBUG] KillProcessrequest received
02-11-2020 17:35:25.345 [Gauge] [DEBUG] Runner with PID:8572 has exited
02-11-2020 17:35:25.345 [Gauge] [INFO] Specifications:	1 executed	1 passed	0 failed	0 skipped
02-11-2020 17:35:25.345 [Gauge] [INFO] Scenarios:	4 executed	4 passed	0 failed	0 skipped
02-11-2020 17:35:25.345 [Gauge] [INFO] 
Total time taken: 21.382s
04-11-2020 22:50:50.825 [Gauge] [DEBUG] Created gauge_screenshots_dir at /Users/jingcai/Documents/IdeaProject/securityTrainning/marcia_dynamic_security_test/.gauge/screenshots
04-11-2020 22:50:50.839 [Gauge] [DEBUG] Plugin python is already installed.
04-11-2020 22:50:50.847 [Gauge] [DEBUG] Plugin html-report is already installed.
04-11-2020 22:50:50.848 [Gauge] [DEBUG] Parsing started.
04-11-2020 22:50:50.848 [Gauge] [DEBUG] Started concepts parsing.
04-11-2020 22:50:50.849 [Gauge] [DEBUG] 0 concepts parsing completed.
04-11-2020 22:50:50.850 [Gauge] [DEBUG] Started specifications parsing.
04-11-2020 22:50:50.858 [Gauge] [DEBUG] 1 specifications parsing completed.
04-11-2020 22:50:50.858 [Gauge] [DEBUG] Parsing completed.
04-11-2020 22:50:52.058 [python] [INFO] Python: 3.8.2
04-11-2020 22:50:52.058 [python] [DEBUG] Loading step implementations from /Users/jingcai/Documents/IdeaProject/securityTrainning/marcia_dynamic_security_test/step_impl dirs.
04-11-2020 22:50:52.074 [python] [DEBUG] Starting grpc server..
04-11-2020 22:50:52.094 [Gauge] [DEBUG] Attempting to connect to grpc server at port: 57897
04-11-2020 22:50:52.096 [Gauge] [DEBUG] Successfully made the connection with runner with port: 57897
04-11-2020 22:50:52.096 [Gauge] [DEBUG] Validation started.
04-11-2020 22:50:52.100 [Gauge] [DEBUG] Validation completed.
04-11-2020 22:50:52.101 [Gauge] [DEBUG] Run started
04-11-2020 22:50:52.102 [Gauge] [DEBUG] Starting Html Report plugin
04-11-2020 22:50:52.149 [Gauge] [DEBUG] Attempting to connect to grpc server at port: 57903
04-11-2020 22:50:52.150 [Gauge] [DEBUG] Successfully made the connection with plugin with port: 57903
04-11-2020 22:50:52.150 [Gauge] [DEBUG] Initialising suite data store.
04-11-2020 22:50:52.163 [python] [INFO] ['a', 'b', 'c']
04-11-2020 22:50:52.326 [Gauge] [DEBUG] Checking updates...
04-11-2020 22:50:52.327 [Gauge] [DEBUG] Downloading https://downloads.gauge.org/plugin/html-report?l=python&p=html-report,python,screenshot&o=darwin&a=amd64
04-11-2020 22:50:52.577 [python] [INFO] hello
04-11-2020 22:50:52.578 [Gauge] [INFO] # Use ZAP to perform DAST
04-11-2020 22:50:52.580 [Gauge] [INFO] ## Setup ZAP
04-11-2020 22:50:52.582 [Gauge] [DEBUG] * Start ZAP

04-11-2020 22:50:52.605 [python] [INFO] waiting zap to start
04-11-2020 22:50:57.611 [python] [INFO] waiting zap to start
04-11-2020 22:51:01.660 [Gauge] [DEBUG] Downloading https://downloads.gauge.org/plugin/python?l=python&p=html-report,python,screenshot&o=darwin&a=amd64
04-11-2020 22:51:02.248 [Gauge] [DEBUG] Downloading https://downloads.gauge.org/plugin/screenshot?l=python&p=html-report,python,screenshot&o=darwin&a=amd64
04-11-2020 22:51:02.633 [python] [INFO] <Response [200]>
04-11-2020 22:51:03.091 [python] [INFO] zap is running now
04-11-2020 22:51:03.093 [Gauge] [INFO] ## Login to the application
04-11-2020 22:51:03.095 [Gauge] [DEBUG] * Visit login page
04-11-2020 22:51:03.520 [Gauge] [ERROR] Failed Step: Visit login page
04-11-2020 22:51:03.520 [Gauge] [ERROR] Error Message: Failed to parse: https://127.0.0.1:{0}.format(port)
04-11-2020 22:51:03.520 [Gauge] [ERROR] Specification: specs/juiceshop.spec:8
04-11-2020 22:51:03.520 [Gauge] [ERROR] Stacktrace: 
Traceback (most recent call last):
  File "/Library/Frameworks/Python.framework/Versions/3.8/lib/python3.8/site-packages/requests/adapters.py", line 412, in send
    conn = self.get_connection(request.url, proxies)
  File "/Library/Frameworks/Python.framework/Versions/3.8/lib/python3.8/site-packages/requests/adapters.py", line 305, in get_connection
    proxy_url = parse_url(proxy)
  File "/Library/Frameworks/Python.framework/Versions/3.8/lib/python3.8/site-packages/urllib3/util/url.py", line 392, in parse_url
    return six.raise_from(LocationParseError(source_url), None)
  File "<string>", line 3, in raise_from
urllib3.exceptions.LocationParseError: Failed to parse: https://127.0.0.1:{0}.format(port)

During handling of the above exception, another exception occurred:

Traceback (most recent call last):
  File "/Users/jingcai/Library/Python/3.8/lib/python/site-packages/getgauge/executor.py", line 33, in execute_method
    step.impl(*params)
  File "/Users/jingcai/Documents/IdeaProject/securityTrainning/marcia_dynamic_security_test/step_impl/juiceshop_impl.py", line 49, in visit_login
    requests.get(login_url, proxies = zap_proxies, verify = False)
  File "/Library/Frameworks/Python.framework/Versions/3.8/lib/python3.8/site-packages/requests/api.py", line 76, in get
    return request('get', url, params=params, **kwargs)
  File "/Library/Frameworks/Python.framework/Versions/3.8/lib/python3.8/site-packages/requests/api.py", line 61, in request
    return session.request(method=method, url=url, **kwargs)
  File "/Library/Frameworks/Python.framework/Versions/3.8/lib/python3.8/site-packages/requests/sessions.py", line 530, in request
    resp = self.send(prep, **send_kwargs)
  File "/Library/Frameworks/Python.framework/Versions/3.8/lib/python3.8/site-packages/requests/sessions.py", line 643, in send
    r = adapter.send(request, **kwargs)
  File "/Library/Frameworks/Python.framework/Versions/3.8/lib/python3.8/site-packages/requests/adapters.py", line 414, in send
    raise InvalidURL(e, request=request)
requests.exceptions.InvalidURL: Failed to parse: https://127.0.0.1:{0}.format(port)
04-11-2020 22:51:03.521 [Gauge] [INFO] ## Kick off the active scan
04-11-2020 22:51:03.522 [Gauge] [DEBUG] * Perform spider from "https://marcia-dynamic-security-auto.herokuapp.com/login#/"
04-11-2020 22:51:03.534 [Gauge] [DEBUG] * Get spider status
04-11-2020 22:51:03.540 [python] [INFO] spider status is:0
04-11-2020 22:51:04.549 [python] [INFO] spider status is:0
04-11-2020 22:51:05.558 [python] [INFO] spider status is:0
04-11-2020 22:51:06.567 [python] [INFO] spider status is:100
04-11-2020 22:51:07.570 [Gauge] [DEBUG] * Perform zap active scan against "https://marcia-dynamic-security-auto.herokuapp.com/login#/"
04-11-2020 22:51:07.611 [Gauge] [DEBUG] * Get active scan status
04-11-2020 22:51:07.617 [python] [INFO] active scanning 0%!(NOVERB)
04-11-2020 22:51:08.624 [python] [INFO] active scanning 13%!(NOVERB)
04-11-2020 22:51:09.632 [python] [INFO] active scanning 13%!(NOVERB)
04-11-2020 22:51:10.640 [python] [INFO] active scanning 13%!(NOVERB)
04-11-2020 22:51:11.647 [python] [INFO] active scanning 13%!(NOVERB)
04-11-2020 22:51:12.655 [python] [INFO] active scanning 13%!(NOVERB)
04-11-2020 22:51:13.662 [python] [INFO] active scanning 13%!(NOVERB)
04-11-2020 22:51:14.669 [python] [INFO] active scanning 13%!(NOVERB)
04-11-2020 22:51:15.675 [python] [INFO] active scanning 33%!(NOVERB)
04-11-2020 22:51:16.681 [python] [INFO] active scanning 100%!(NOVERB)
04-11-2020 22:51:17.686 [Gauge] [DEBUG] * Get alerts summary
04-11-2020 22:51:17.695 [python] [INFO] Alerts summary: {'High': 0, 'Low': 4, 'Medium': 1, 'Informational': 0}
04-11-2020 22:51:17.696 [Gauge] [DEBUG] * Save scan report to "/Users/jingcai/Documents/IdeaProject/securityTrainning/marcia_dynamic_security_test/juiceshop_report.html"

04-11-2020 22:51:17.836 [python] [INFO] report saved to /Users/jingcai/Documents/IdeaProject/securityTrainning/marcia_dynamic_security_test/juiceshop_report.html
04-11-2020 22:51:17.838 [Gauge] [INFO] ## Shutdown ZAP
04-11-2020 22:51:17.839 [Gauge] [DEBUG] * Shutdown ZAP

04-11-2020 22:51:17.849 [html-report] [DEBUG] Transformed SuiteResult to report structure
04-11-2020 22:51:17.889 [html-report] [INFO] Successfully generated html-report to => /Users/jingcai/Documents/IdeaProject/securityTrainning/marcia_dynamic_security_test/reports/html-report/index.html
04-11-2020 22:51:17.889 [html-report] [DEBUG] Done generating HTML report using theme from /Users/jingcai/.gauge/plugins/html-report/4.0.12/themes/default
04-11-2020 22:51:17.889 [Gauge] [DEBUG] Sending kill message to Html Report plugin.
04-11-2020 22:51:17.890 [python] [DEBUG] KillProcessrequest received
04-11-2020 22:51:18.502 [Gauge] [DEBUG] Runner with PID:16016 has exited
04-11-2020 22:51:18.502 [Gauge] [INFO] Specifications:	1 executed	0 passed	1 failed	0 skipped
04-11-2020 22:51:18.502 [Gauge] [INFO] Scenarios:	4 executed	3 passed	1 failed	0 skipped
04-11-2020 22:51:18.503 [Gauge] [INFO] 
Total time taken: 25.743s
04-11-2020 22:51:18.503 [Gauge] [INFO] Updates are available. Run `gauge update -c` for more info.
04-11-2020 22:52:03.858 [Gauge] [DEBUG] Created gauge_screenshots_dir at /Users/jingcai/Documents/IdeaProject/securityTrainning/marcia_dynamic_security_test/.gauge/screenshots
04-11-2020 22:52:03.858 [Gauge] [DEBUG] Plugin python is already installed.
04-11-2020 22:52:03.858 [Gauge] [DEBUG] Plugin html-report is already installed.
04-11-2020 22:52:03.859 [Gauge] [DEBUG] Parsing started.
04-11-2020 22:52:03.859 [Gauge] [DEBUG] Started concepts parsing.
04-11-2020 22:52:03.859 [Gauge] [DEBUG] 0 concepts parsing completed.
04-11-2020 22:52:03.859 [Gauge] [DEBUG] Started specifications parsing.
04-11-2020 22:52:03.859 [Gauge] [DEBUG] 1 specifications parsing completed.
04-11-2020 22:52:03.860 [Gauge] [DEBUG] Parsing completed.
04-11-2020 22:52:04.380 [python] [INFO] Python: 3.8.2
04-11-2020 22:52:04.380 [python] [DEBUG] Loading step implementations from /Users/jingcai/Documents/IdeaProject/securityTrainning/marcia_dynamic_security_test/step_impl dirs.
04-11-2020 22:52:04.395 [python] [DEBUG] Starting grpc server..
04-11-2020 22:52:04.398 [Gauge] [DEBUG] Attempting to connect to grpc server at port: 57963
04-11-2020 22:52:04.400 [Gauge] [DEBUG] Successfully made the connection with runner with port: 57963
04-11-2020 22:52:04.400 [Gauge] [DEBUG] Validation started.
04-11-2020 22:52:04.404 [Gauge] [DEBUG] Validation completed.
04-11-2020 22:52:04.404 [Gauge] [DEBUG] Run started
04-11-2020 22:52:04.405 [Gauge] [DEBUG] Starting Html Report plugin
04-11-2020 22:52:04.415 [Gauge] [DEBUG] Attempting to connect to grpc server at port: 57968
04-11-2020 22:52:04.416 [Gauge] [DEBUG] Successfully made the connection with plugin with port: 57968
04-11-2020 22:52:04.416 [Gauge] [DEBUG] Initialising suite data store.
04-11-2020 22:52:04.418 [python] [INFO] ['a', 'b', 'c']
04-11-2020 22:52:04.486 [python] [INFO] hello
04-11-2020 22:52:04.487 [Gauge] [INFO] # Use ZAP to perform DAST
04-11-2020 22:52:04.488 [Gauge] [INFO] ## Setup ZAP
04-11-2020 22:52:04.489 [Gauge] [DEBUG] * Start ZAP

04-11-2020 22:52:04.503 [python] [INFO] waiting zap to start
04-11-2020 22:52:04.984 [Gauge] [DEBUG] Checking updates...
04-11-2020 22:52:04.985 [Gauge] [DEBUG] Downloading https://downloads.gauge.org/plugin/html-report?l=python&p=html-report,python,screenshot&o=darwin&a=amd64
04-11-2020 22:52:08.471 [Gauge] [DEBUG] Downloading https://downloads.gauge.org/plugin/python?l=python&p=html-report,python,screenshot&o=darwin&a=amd64
04-11-2020 22:52:08.779 [Gauge] [DEBUG] Downloading https://downloads.gauge.org/plugin/screenshot?l=python&p=html-report,python,screenshot&o=darwin&a=amd64
04-11-2020 22:52:09.524 [python] [INFO] <Response [200]>
04-11-2020 22:52:09.956 [python] [INFO] zap is running now
04-11-2020 22:52:09.958 [Gauge] [INFO] ## Login to the application
04-11-2020 22:52:09.960 [Gauge] [DEBUG] * Visit login page
04-11-2020 22:52:11.757 [Gauge] [DEBUG] * Login as user "jing.cai@thoughtworks.com" with password "cj15600680462#"

04-11-2020 22:52:13.157 [python] [INFO] <bound method Response.json of <Response [200]>>
04-11-2020 22:52:13.157 [python] [INFO] <!--
04-11-2020 22:52:13.157 [python] [INFO] ~ Copyright (c) 2014-2020 Bjoern Kimminich.
04-11-2020 22:52:13.157 [python] [INFO] ~ SPDX-License-Identifier: MIT
04-11-2020 22:52:13.157 [python] [INFO] -->
04-11-2020 22:52:13.157 [python] [INFO] <!doctype html>
04-11-2020 22:52:13.157 [python] [INFO] <html lang="en">
04-11-2020 22:52:13.157 [python] [INFO] <head>
04-11-2020 22:52:13.157 [python] [INFO] <meta charset="utf-8">
04-11-2020 22:52:13.157 [python] [INFO] <title>OWASP Juice Shop</title>
04-11-2020 22:52:13.158 [python] [INFO] <meta name="description" content="Probably the most modern and sophisticated insecure web application">
04-11-2020 22:52:13.158 [python] [INFO] <meta name="viewport" content="width=device-width, initial-scale=1">
04-11-2020 22:52:13.158 [python] [INFO] <link id="favicon" rel="icon" type="image/x-icon" href="assets/public/favicon_js.ico">
04-11-2020 22:52:13.158 [python] [INFO] <link rel="stylesheet" type="text/css" href="//cdnjs.cloudflare.com/ajax/libs/cookieconsent2/3.1.0/cookieconsent.min.css" />
04-11-2020 22:52:13.158 [python] [INFO] <script src="//cdnjs.cloudflare.com/ajax/libs/cookieconsent2/3.1.0/cookieconsent.min.js"></script>
04-11-2020 22:52:13.158 [python] [INFO] <script src="//cdnjs.cloudflare.com/ajax/libs/jquery/2.2.4/jquery.min.js"></script>
04-11-2020 22:52:13.158 [python] [INFO] <script>
04-11-2020 22:52:13.158 [python] [INFO] window.addEventListener("load", function(){
04-11-2020 22:52:13.158 [python] [INFO] window.cookieconsent.initialise({
04-11-2020 22:52:13.158 [python] [INFO] "palette": {
04-11-2020 22:52:13.158 [python] [INFO] "popup": { "background": "#546e7a", "text": "#ffffff" },
04-11-2020 22:52:13.160 [python] [INFO] "button": { "background": "#558b2f", "text": "#ffffff" }
04-11-2020 22:52:13.160 [python] [INFO] },
04-11-2020 22:52:13.160 [python] [INFO] "theme": "classic",
04-11-2020 22:52:13.161 [python] [INFO] "position": "bottom-right",
04-11-2020 22:52:13.161 [python] [INFO] "content": { "message": "This website uses fruit cookies to ensure you get the juiciest tracking experience.", "dismiss": "Me want it!", "link": "But me wait!", "href": "https://www.youtube.com/watch?v=9PnbKL3wuH4" }
04-11-2020 22:52:13.161 [python] [INFO] })});
04-11-2020 22:52:13.161 [python] [INFO] </script>
04-11-2020 22:52:13.161 [python] [INFO] <link rel="stylesheet" href="styles.css"></head>
04-11-2020 22:52:13.161 [python] [INFO] <body class="mat-app-background bluegrey-lightgreen-theme">
04-11-2020 22:52:13.161 [python] [INFO] <app-root></app-root>
04-11-2020 22:52:13.161 [python] [INFO] <script src="runtime-es2018.js" type="module"></script><script src="runtime-es5.js" nomodule defer></script><script src="polyfills-es5.js" nomodule defer></script><script src="polyfills-es2018.js" type="module"></script><script src="vendor-es2018.js" type="module"></script><script src="vendor-es5.js" nomodule defer></script><script src="main-es2018.js" type="module"></script><script src="main-es5.js" nomodule defer></script></body>
04-11-2020 22:52:13.161 [python] [INFO] </html>
04-11-2020 22:52:13.162 [Gauge] [INFO] ## Kick off the active scan
04-11-2020 22:52:13.164 [Gauge] [DEBUG] * Perform spider from "https://marcia-dynamic-security-auto.herokuapp.com/login#/"
04-11-2020 22:52:13.175 [Gauge] [DEBUG] * Get spider status
04-11-2020 22:52:13.181 [python] [INFO] spider status is:0
04-11-2020 22:52:14.190 [python] [INFO] spider status is:0
04-11-2020 22:52:15.196 [python] [INFO] spider status is:100
04-11-2020 22:52:16.201 [Gauge] [DEBUG] * Perform zap active scan against "https://marcia-dynamic-security-auto.herokuapp.com/login#/"
04-11-2020 22:52:16.244 [Gauge] [DEBUG] * Get active scan status
04-11-2020 22:52:16.251 [python] [INFO] active scanning 0%!(NOVERB)
04-11-2020 22:52:17.258 [python] [INFO] active scanning 13%!(NOVERB)
04-11-2020 22:52:18.269 [python] [INFO] active scanning 13%!(NOVERB)
04-11-2020 22:52:19.275 [python] [INFO] active scanning 13%!(NOVERB)
04-11-2020 22:52:20.281 [python] [INFO] active scanning 13%!(NOVERB)
04-11-2020 22:52:21.292 [python] [INFO] active scanning 13%!(NOVERB)
04-11-2020 22:52:22.302 [python] [INFO] active scanning 13%!(NOVERB)
04-11-2020 22:52:23.311 [python] [INFO] active scanning 33%!(NOVERB)
04-11-2020 22:52:24.319 [python] [INFO] active scanning 100%!(NOVERB)
04-11-2020 22:52:25.321 [Gauge] [DEBUG] * Get alerts summary
04-11-2020 22:52:25.332 [python] [INFO] Alerts summary: {'High': 0, 'Low': 8, 'Medium': 2, 'Informational': 0}
04-11-2020 22:52:25.333 [Gauge] [DEBUG] * Save scan report to "/Users/jingcai/Documents/IdeaProject/securityTrainning/marcia_dynamic_security_test/juiceshop_report.html"

04-11-2020 22:52:25.458 [python] [INFO] report saved to /Users/jingcai/Documents/IdeaProject/securityTrainning/marcia_dynamic_security_test/juiceshop_report.html
04-11-2020 22:52:25.460 [Gauge] [INFO] ## Shutdown ZAP
04-11-2020 22:52:25.461 [Gauge] [DEBUG] * Shutdown ZAP

04-11-2020 22:52:25.471 [html-report] [DEBUG] Transformed SuiteResult to report structure
04-11-2020 22:52:25.480 [html-report] [INFO] Successfully generated html-report to => /Users/jingcai/Documents/IdeaProject/securityTrainning/marcia_dynamic_security_test/reports/html-report/index.html
04-11-2020 22:52:25.480 [html-report] [DEBUG] Done generating HTML report using theme from /Users/jingcai/.gauge/plugins/html-report/4.0.12/themes/default
04-11-2020 22:52:25.480 [Gauge] [DEBUG] Sending kill message to Html Report plugin.
04-11-2020 22:52:25.481 [python] [DEBUG] KillProcessrequest received
04-11-2020 22:52:25.991 [Gauge] [DEBUG] Runner with PID:16058 has exited
04-11-2020 22:52:25.991 [Gauge] [INFO] Specifications:	1 executed	1 passed	0 failed	0 skipped
04-11-2020 22:52:25.991 [Gauge] [INFO] Scenarios:	4 executed	4 passed	0 failed	0 skipped
04-11-2020 22:52:25.991 [Gauge] [INFO] 
Total time taken: 21.066s
04-11-2020 22:52:25.992 [Gauge] [INFO] Updates are available. Run `gauge update -c` for more info.
04-11-2020 22:54:20.007 [Gauge] [DEBUG] Created gauge_screenshots_dir at /Users/jingcai/Documents/IdeaProject/securityTrainning/marcia_dynamic_security_test/.gauge/screenshots
04-11-2020 22:54:20.008 [Gauge] [DEBUG] Plugin python is already installed.
04-11-2020 22:54:20.008 [Gauge] [DEBUG] Plugin html-report is already installed.
04-11-2020 22:54:20.008 [Gauge] [DEBUG] Parsing started.
04-11-2020 22:54:20.008 [Gauge] [DEBUG] Started concepts parsing.
04-11-2020 22:54:20.009 [Gauge] [DEBUG] 0 concepts parsing completed.
04-11-2020 22:54:20.009 [Gauge] [DEBUG] Started specifications parsing.
04-11-2020 22:54:20.009 [Gauge] [DEBUG] 1 specifications parsing completed.
04-11-2020 22:54:20.009 [Gauge] [DEBUG] Parsing completed.
04-11-2020 22:54:20.528 [python] [INFO] Python: 3.8.2
04-11-2020 22:54:20.528 [python] [DEBUG] Loading step implementations from /Users/jingcai/Documents/IdeaProject/securityTrainning/marcia_dynamic_security_test/step_impl dirs.
04-11-2020 22:54:20.543 [python] [DEBUG] Starting grpc server..
04-11-2020 22:54:20.546 [Gauge] [DEBUG] Attempting to connect to grpc server at port: 58040
04-11-2020 22:54:20.548 [Gauge] [DEBUG] Successfully made the connection with runner with port: 58040
04-11-2020 22:54:20.548 [Gauge] [DEBUG] Validation started.
04-11-2020 22:54:20.552 [Gauge] [DEBUG] Validation completed.
04-11-2020 22:54:20.552 [Gauge] [DEBUG] Run started
04-11-2020 22:54:20.554 [Gauge] [DEBUG] Starting Html Report plugin
04-11-2020 22:54:20.562 [Gauge] [DEBUG] Attempting to connect to grpc server at port: 58045
04-11-2020 22:54:20.563 [Gauge] [DEBUG] Successfully made the connection with plugin with port: 58045
04-11-2020 22:54:20.563 [Gauge] [DEBUG] Initialising suite data store.
04-11-2020 22:54:20.566 [python] [INFO] ['a', 'b', 'c']
04-11-2020 22:54:20.628 [python] [INFO] hello
04-11-2020 22:54:20.629 [Gauge] [INFO] # Use ZAP to perform DAST
04-11-2020 22:54:20.630 [Gauge] [INFO] ## Setup ZAP
04-11-2020 22:54:20.631 [Gauge] [DEBUG] * Start ZAP

04-11-2020 22:54:20.644 [python] [INFO] waiting zap to start
04-11-2020 22:54:20.730 [Gauge] [DEBUG] Checking updates...
04-11-2020 22:54:20.731 [Gauge] [DEBUG] Downloading https://downloads.gauge.org/plugin/html-report?l=python&p=html-report,python,screenshot&o=darwin&a=amd64
04-11-2020 22:54:25.663 [python] [INFO] <Response [200]>
04-11-2020 22:54:26.097 [python] [INFO] zap is running now
04-11-2020 22:54:26.099 [Gauge] [INFO] ## Login to the application
04-11-2020 22:54:26.100 [Gauge] [DEBUG] * Visit login page
04-11-2020 22:54:27.635 [Gauge] [DEBUG] * Login as user "jing.cai@thoughtworks.com" with password "cj15600680462#"

04-11-2020 22:54:28.861 [python] [INFO] <bound method Response.json of <Response [200]>>
04-11-2020 22:54:28.861 [python] [INFO] <!--
04-11-2020 22:54:28.861 [python] [INFO] ~ Copyright (c) 2014-2020 Bjoern Kimminich.
04-11-2020 22:54:28.861 [python] [INFO] ~ SPDX-License-Identifier: MIT
04-11-2020 22:54:28.861 [python] [INFO] -->
04-11-2020 22:54:28.861 [python] [INFO] <!doctype html>
04-11-2020 22:54:28.861 [python] [INFO] <html lang="en">
04-11-2020 22:54:28.861 [python] [INFO] <head>
04-11-2020 22:54:28.861 [python] [INFO] <meta charset="utf-8">
04-11-2020 22:54:28.861 [python] [INFO] <title>OWASP Juice Shop</title>
04-11-2020 22:54:28.861 [python] [INFO] <meta name="description" content="Probably the most modern and sophisticated insecure web application">
04-11-2020 22:54:28.861 [python] [INFO] <meta name="viewport" content="width=device-width, initial-scale=1">
04-11-2020 22:54:28.861 [python] [INFO] <link id="favicon" rel="icon" type="image/x-icon" href="assets/public/favicon_js.ico">
04-11-2020 22:54:28.861 [python] [INFO] <link rel="stylesheet" type="text/css" href="//cdnjs.cloudflare.com/ajax/libs/cookieconsent2/3.1.0/cookieconsent.min.css" />
04-11-2020 22:54:28.861 [python] [INFO] <script src="//cdnjs.cloudflare.com/ajax/libs/cookieconsent2/3.1.0/cookieconsent.min.js"></script>
04-11-2020 22:54:28.861 [python] [INFO] <script src="//cdnjs.cloudflare.com/ajax/libs/jquery/2.2.4/jquery.min.js"></script>
04-11-2020 22:54:28.861 [python] [INFO] <script>
04-11-2020 22:54:28.861 [python] [INFO] window.addEventListener("load", function(){
04-11-2020 22:54:28.861 [python] [INFO] window.cookieconsent.initialise({
04-11-2020 22:54:28.861 [python] [INFO] "palette": {
04-11-2020 22:54:28.861 [python] [INFO] "popup": { "background": "#546e7a", "text": "#ffffff" },
04-11-2020 22:54:28.861 [python] [INFO] "button": { "background": "#558b2f", "text": "#ffffff" }
04-11-2020 22:54:28.861 [python] [INFO] },
04-11-2020 22:54:28.861 [python] [INFO] "theme": "classic",
04-11-2020 22:54:28.861 [python] [INFO] "position": "bottom-right",
04-11-2020 22:54:28.861 [python] [INFO] "content": { "message": "This website uses fruit cookies to ensure you get the juiciest tracking experience.", "dismiss": "Me want it!", "link": "But me wait!", "href": "https://www.youtube.com/watch?v=9PnbKL3wuH4" }
04-11-2020 22:54:28.861 [python] [INFO] })});
04-11-2020 22:54:28.861 [python] [INFO] </script>
04-11-2020 22:54:28.861 [python] [INFO] <link rel="stylesheet" href="styles.css"></head>
04-11-2020 22:54:28.861 [python] [INFO] <body class="mat-app-background bluegrey-lightgreen-theme">
04-11-2020 22:54:28.861 [python] [INFO] <app-root></app-root>
04-11-2020 22:54:28.861 [python] [INFO] <script src="runtime-es2018.js" type="module"></script><script src="runtime-es5.js" nomodule defer></script><script src="polyfills-es5.js" nomodule defer></script><script src="polyfills-es2018.js" type="module"></script><script src="vendor-es2018.js" type="module"></script><script src="vendor-es5.js" nomodule defer></script><script src="main-es2018.js" type="module"></script><script src="main-es5.js" nomodule defer></script></body>
04-11-2020 22:54:28.861 [python] [INFO] </html>
04-11-2020 22:54:28.863 [Gauge] [INFO] ## Kick off the active scan
04-11-2020 22:54:28.865 [Gauge] [DEBUG] * Perform spider from "https://marcia-dynamic-security-auto.herokuapp.com/login#/"
04-11-2020 22:54:28.878 [Gauge] [DEBUG] * Get spider status
04-11-2020 22:54:28.884 [python] [INFO] spider status is:0
04-11-2020 22:54:29.336 [Gauge] [DEBUG] Downloading https://downloads.gauge.org/plugin/python?l=python&p=html-report,python,screenshot&o=darwin&a=amd64
04-11-2020 22:54:29.883 [Gauge] [DEBUG] Downloading https://downloads.gauge.org/plugin/screenshot?l=python&p=html-report,python,screenshot&o=darwin&a=amd64
04-11-2020 22:54:29.891 [python] [INFO] spider status is:0
04-11-2020 22:54:30.899 [python] [INFO] spider status is:100
04-11-2020 22:54:31.905 [Gauge] [DEBUG] * Perform zap active scan against "https://marcia-dynamic-security-auto.herokuapp.com/login#/"
04-11-2020 22:54:31.945 [Gauge] [DEBUG] * Get active scan status
04-11-2020 22:54:31.952 [python] [INFO] active scanning 0%!(NOVERB)
04-11-2020 22:54:32.960 [python] [INFO] active scanning 13%!(NOVERB)
04-11-2020 22:54:33.969 [python] [INFO] active scanning 13%!(NOVERB)
04-11-2020 22:54:34.980 [python] [INFO] active scanning 13%!(NOVERB)
04-11-2020 22:54:35.989 [python] [INFO] active scanning 13%!(NOVERB)
04-11-2020 22:54:36.998 [python] [INFO] active scanning 13%!(NOVERB)
04-11-2020 22:54:38.007 [python] [INFO] active scanning 13%!(NOVERB)
04-11-2020 22:54:39.011 [python] [INFO] active scanning 13%!(NOVERB)
04-11-2020 22:54:40.020 [python] [INFO] active scanning 13%!(NOVERB)
04-11-2020 22:54:41.027 [python] [INFO] active scanning 33%!(NOVERB)
04-11-2020 22:54:42.038 [python] [INFO] active scanning 100%!(NOVERB)
04-11-2020 22:54:43.045 [Gauge] [DEBUG] * Get alerts summary
04-11-2020 22:54:43.057 [python] [INFO] Alerts summary: {'High': 0, 'Low': 8, 'Medium': 2, 'Informational': 0}
04-11-2020 22:54:43.058 [Gauge] [DEBUG] * Save scan report to "/Users/jingcai/Documents/IdeaProject/securityTrainning/marcia_dynamic_security_test/juiceshop_report.html"

04-11-2020 22:54:43.184 [python] [INFO] report saved to /Users/jingcai/Documents/IdeaProject/securityTrainning/marcia_dynamic_security_test/juiceshop_report.html
04-11-2020 22:54:43.185 [Gauge] [INFO] ## Shutdown ZAP
04-11-2020 22:54:43.186 [Gauge] [DEBUG] * Shutdown ZAP

04-11-2020 22:54:43.195 [html-report] [DEBUG] Transformed SuiteResult to report structure
04-11-2020 22:54:43.204 [html-report] [INFO] Successfully generated html-report to => /Users/jingcai/Documents/IdeaProject/securityTrainning/marcia_dynamic_security_test/reports/html-report/index.html
04-11-2020 22:54:43.204 [html-report] [DEBUG] Done generating HTML report using theme from /Users/jingcai/.gauge/plugins/html-report/4.0.12/themes/default
04-11-2020 22:54:43.204 [Gauge] [DEBUG] Sending kill message to Html Report plugin.
04-11-2020 22:54:43.205 [python] [DEBUG] KillProcessrequest received
04-11-2020 22:54:43.717 [Gauge] [DEBUG] Runner with PID:16101 has exited
04-11-2020 22:54:43.717 [Gauge] [INFO] Specifications:	1 executed	1 passed	0 failed	0 skipped
04-11-2020 22:54:43.717 [Gauge] [INFO] Scenarios:	4 executed	4 passed	0 failed	0 skipped
04-11-2020 22:54:43.717 [Gauge] [INFO] 
Total time taken: 22.642s
04-11-2020 22:54:43.718 [Gauge] [INFO] Updates are available. Run `gauge update -c` for more info.
04-11-2020 22:54:47.286 [Gauge] [DEBUG] Created gauge_screenshots_dir at /Users/jingcai/Documents/IdeaProject/securityTrainning/marcia_dynamic_security_test/.gauge/screenshots
04-11-2020 22:54:47.287 [Gauge] [DEBUG] Plugin python is already installed.
04-11-2020 22:54:47.287 [Gauge] [DEBUG] Plugin html-report is already installed.
04-11-2020 22:54:47.287 [Gauge] [DEBUG] Parsing started.
04-11-2020 22:54:47.287 [Gauge] [DEBUG] Started concepts parsing.
04-11-2020 22:54:47.288 [Gauge] [DEBUG] 0 concepts parsing completed.
04-11-2020 22:54:47.288 [Gauge] [DEBUG] Started specifications parsing.
04-11-2020 22:54:47.288 [Gauge] [DEBUG] 1 specifications parsing completed.
04-11-2020 22:54:47.288 [Gauge] [DEBUG] Parsing completed.
04-11-2020 22:54:47.810 [python] [INFO] Python: 3.8.2
04-11-2020 22:54:47.810 [python] [DEBUG] Loading step implementations from /Users/jingcai/Documents/IdeaProject/securityTrainning/marcia_dynamic_security_test/step_impl dirs.
04-11-2020 22:54:47.824 [python] [DEBUG] Starting grpc server..
04-11-2020 22:54:47.827 [Gauge] [DEBUG] Attempting to connect to grpc server at port: 58098
04-11-2020 22:54:47.829 [Gauge] [DEBUG] Successfully made the connection with runner with port: 58098
04-11-2020 22:54:47.829 [Gauge] [DEBUG] Validation started.
04-11-2020 22:54:47.833 [Gauge] [DEBUG] Validation completed.
04-11-2020 22:54:47.834 [Gauge] [DEBUG] Run started
04-11-2020 22:54:47.835 [Gauge] [DEBUG] Starting Html Report plugin
04-11-2020 22:54:47.844 [Gauge] [DEBUG] Attempting to connect to grpc server at port: 58103
04-11-2020 22:54:47.844 [Gauge] [DEBUG] Successfully made the connection with plugin with port: 58103
04-11-2020 22:54:47.844 [Gauge] [DEBUG] Initialising suite data store.
04-11-2020 22:54:47.847 [python] [INFO] ['a', 'b', 'c']
04-11-2020 22:54:47.915 [python] [INFO] hello
04-11-2020 22:54:47.916 [Gauge] [INFO] # Use ZAP to perform DAST
04-11-2020 22:54:47.918 [Gauge] [INFO] ## Setup ZAP
04-11-2020 22:54:47.919 [Gauge] [DEBUG] * Start ZAP

04-11-2020 22:54:47.931 [python] [INFO] waiting zap to start
04-11-2020 22:54:48.319 [Gauge] [DEBUG] Checking updates...
04-11-2020 22:54:48.319 [Gauge] [DEBUG] Downloading https://downloads.gauge.org/plugin/html-report?l=python&p=html-report,python,screenshot&o=darwin&a=amd64
04-11-2020 22:54:52.956 [python] [INFO] <Response [200]>
04-11-2020 22:54:53.376 [python] [INFO] zap is running now
04-11-2020 22:54:53.378 [Gauge] [INFO] ## Login to the application
04-11-2020 22:54:53.379 [Gauge] [DEBUG] * Visit login page
04-11-2020 22:54:55.083 [Gauge] [DEBUG] * Login as user "jing.cai@thoughtworks.com" with password "cj15600680462#"

04-11-2020 22:54:56.406 [python] [INFO] <bound method Response.json of <Response [200]>>
04-11-2020 22:54:56.406 [python] [INFO] <bound method Response.json of <Response [200]>>
04-11-2020 22:54:56.408 [Gauge] [INFO] ## Kick off the active scan
04-11-2020 22:54:56.410 [Gauge] [DEBUG] * Perform spider from "https://marcia-dynamic-security-auto.herokuapp.com/login#/"
04-11-2020 22:54:56.423 [Gauge] [DEBUG] * Get spider status
04-11-2020 22:54:56.429 [python] [INFO] spider status is:0
04-11-2020 22:54:57.437 [python] [INFO] spider status is:0
04-11-2020 22:54:58.443 [python] [INFO] spider status is:100
04-11-2020 22:54:59.145 [Gauge] [DEBUG] Downloading https://downloads.gauge.org/plugin/python?l=python&p=html-report,python,screenshot&o=darwin&a=amd64
04-11-2020 22:54:59.448 [Gauge] [DEBUG] * Perform zap active scan against "https://marcia-dynamic-security-auto.herokuapp.com/login#/"
04-11-2020 22:54:59.488 [Gauge] [DEBUG] * Get active scan status
04-11-2020 22:54:59.494 [python] [INFO] active scanning 0%!(NOVERB)
04-11-2020 22:55:00.349 [Gauge] [DEBUG] Downloading https://downloads.gauge.org/plugin/screenshot?l=python&p=html-report,python,screenshot&o=darwin&a=amd64
04-11-2020 22:55:00.505 [python] [INFO] active scanning 13%!(NOVERB)
04-11-2020 22:55:01.516 [python] [INFO] active scanning 13%!(NOVERB)
04-11-2020 22:55:02.524 [python] [INFO] active scanning 13%!(NOVERB)
04-11-2020 22:55:03.533 [python] [INFO] active scanning 13%!(NOVERB)
04-11-2020 22:55:04.543 [python] [INFO] active scanning 13%!(NOVERB)
04-11-2020 22:55:05.553 [python] [INFO] active scanning 13%!(NOVERB)
04-11-2020 22:55:06.561 [python] [INFO] active scanning 33%!(NOVERB)
04-11-2020 22:55:07.569 [python] [INFO] active scanning 100%!(NOVERB)
04-11-2020 22:55:08.575 [Gauge] [DEBUG] * Get alerts summary
04-11-2020 22:55:08.588 [python] [INFO] Alerts summary: {'High': 0, 'Low': 8, 'Medium': 2, 'Informational': 0}
04-11-2020 22:55:08.589 [Gauge] [DEBUG] * Save scan report to "/Users/jingcai/Documents/IdeaProject/securityTrainning/marcia_dynamic_security_test/juiceshop_report.html"

04-11-2020 22:55:08.715 [python] [INFO] report saved to /Users/jingcai/Documents/IdeaProject/securityTrainning/marcia_dynamic_security_test/juiceshop_report.html
04-11-2020 22:55:08.717 [Gauge] [INFO] ## Shutdown ZAP
04-11-2020 22:55:08.718 [Gauge] [DEBUG] * Shutdown ZAP

04-11-2020 22:55:08.726 [html-report] [DEBUG] Transformed SuiteResult to report structure
04-11-2020 22:55:08.736 [html-report] [INFO] Successfully generated html-report to => /Users/jingcai/Documents/IdeaProject/securityTrainning/marcia_dynamic_security_test/reports/html-report/index.html
04-11-2020 22:55:08.736 [html-report] [DEBUG] Done generating HTML report using theme from /Users/jingcai/.gauge/plugins/html-report/4.0.12/themes/default
04-11-2020 22:55:08.736 [Gauge] [DEBUG] Sending kill message to Html Report plugin.
04-11-2020 22:55:08.737 [python] [DEBUG] KillProcessrequest received
04-11-2020 22:55:09.248 [Gauge] [DEBUG] Runner with PID:16136 has exited
04-11-2020 22:55:09.248 [Gauge] [INFO] Specifications:	1 executed	1 passed	0 failed	0 skipped
04-11-2020 22:55:09.248 [Gauge] [INFO] Scenarios:	4 executed	4 passed	0 failed	0 skipped
04-11-2020 22:55:09.248 [Gauge] [INFO] 
Total time taken: 20.892s
04-11-2020 22:55:09.249 [Gauge] [INFO] Updates are available. Run `gauge update -c` for more info.
